C:\Program Files\Microsoft Visual Studio\2022\Community\MSBuild\Microsoft\VC\v170\Microsoft.CppBuild.targets(531,5): warning MSB8028: Le répertoire intermédiaire (obj/Release/x64/) contient des fichiers partagés provenant d'un autre projet (03-analytics.vcxproj). Cela peut entraîner un comportement de nettoyage et de regénération incorrect.
  00-drone-ju.cpp
F:\BEAL_JULIEN_SN2\_projet_2025\git\@Chai3d-3.2.0_VisualStudio_2015_x64-VirtualDevice-Formes-08\examples\GLFW\00-drone-ju\cVirtualPicture.h(24,10): warning C4005: 'STRUCT_SIZE' : redéfinition de macro
  (compiler le fichier source '00-drone-ju.cpp')
      F:\BEAL_JULIEN_SN2\_projet_2025\git\@Chai3d-3.2.0_VisualStudio_2015_x64-VirtualDevice-Formes-08\src\virtualform\CFileMappingStructureServeurBridge.h(65,10):
      voir la définition précédente de « STRUCT_SIZE »
  
F:\BEAL_JULIEN_SN2\_projet_2025\git\@Chai3d-3.2.0_VisualStudio_2015_x64-VirtualDevice-Formes-08\examples\GLFW\00-drone-ju\00-drone-ju.cpp(61,18): error C2374: 'maVirtualPictureScreenShot' : redéfinition ; initialisation multiple
      F:\BEAL_JULIEN_SN2\_projet_2025\git\@Chai3d-3.2.0_VisualStudio_2015_x64-VirtualDevice-Formes-08\examples\GLFW\00-drone-ju\00-drone-ju.cpp(55,18):
      voir la déclaration de 'maVirtualPictureScreenShot'
  
F:\BEAL_JULIEN_SN2\_projet_2025\git\@Chai3d-3.2.0_VisualStudio_2015_x64-VirtualDevice-Formes-08\examples\GLFW\00-drone-ju\00-drone-ju.cpp(398,5): error C2065: 'Buffer' : identificateur non déclaré
F:\BEAL_JULIEN_SN2\_projet_2025\git\@Chai3d-3.2.0_VisualStudio_2015_x64-VirtualDevice-Formes-08\examples\GLFW\00-drone-ju\00-drone-ju.cpp(400,51): error C2563: incompatibilité dans la liste de paramètres formels
F:\BEAL_JULIEN_SN2\_projet_2025\git\@Chai3d-3.2.0_VisualStudio_2015_x64-VirtualDevice-Formes-08\examples\GLFW\00-drone-ju\00-drone-ju.cpp(400,51): error C2568: '=' : impossible de résoudre la surcharge de fonction
      F:\BEAL_JULIEN_SN2\_projet_2025\git\@Chai3d-3.2.0_VisualStudio_2015_x64-VirtualDevice-Formes-08\examples\GLFW\00-drone-ju\00-drone-ju.cpp(400,51):
      est peut-être 'size_t std::size(const _Ty (&)[_Size]) noexcept'
      F:\BEAL_JULIEN_SN2\_projet_2025\git\@Chai3d-3.2.0_VisualStudio_2015_x64-VirtualDevice-Formes-08\examples\GLFW\00-drone-ju\00-drone-ju.cpp(400,51):
      ou       'unknown-type std::size(const _Container &) noexcept(<expr>)'
  
F:\BEAL_JULIEN_SN2\_projet_2025\git\@Chai3d-3.2.0_VisualStudio_2015_x64-VirtualDevice-Formes-08\examples\GLFW\00-drone-ju\00-drone-ju.cpp(404,10): error C2065: 'Buffer' : identificateur non déclaré
F:\BEAL_JULIEN_SN2\_projet_2025\git\@Chai3d-3.2.0_VisualStudio_2015_x64-VirtualDevice-Formes-08\examples\GLFW\00-drone-ju\00-drone-ju.cpp(406,10): error C2065: 'Buffer' : identificateur non déclaré
F:\BEAL_JULIEN_SN2\_projet_2025\git\@Chai3d-3.2.0_VisualStudio_2015_x64-VirtualDevice-Formes-08\examples\GLFW\00-drone-ju\00-drone-ju.cpp(407,5): error C2065: 'Buffer' : identificateur non déclaré
F:\BEAL_JULIEN_SN2\_projet_2025\git\@Chai3d-3.2.0_VisualStudio_2015_x64-VirtualDevice-Formes-08\examples\GLFW\00-drone-ju\00-drone-ju.cpp(413,1): error C1070: non concordance #if/#endif dans le fichier 'F:\BEAL_JULIEN_SN2\_projet_2025\git\@Chai3d-3.2.0_VisualStudio_2015_x64-VirtualDevice-Formes-08\examples\GLFW\00-drone-ju\00-drone-ju.cpp'
