  btActivatingCollisionAlgorithm.cpp
  btBox2dBox2dCollisionAlgorithm.cpp
  btBoxBoxCollisionAlgorithm.cpp
  btBoxBoxDetector.cpp
  btCollisionDispatcher.cpp
  btCollisionWorld.cpp
  btCollisionWorldImporter.cpp
  btCompoundCollisionAlgorithm.cpp
F:\BEAL_JULIEN_SN2\_projet_2025\git\Chai3d-3.2.0\modules\BULLET\external\bullet\src\BulletCollision\CollisionDispatch\btBoxBoxDetector.h(24,10): error C1083: Impossible d'ouvrir le fichier include : 'BulletCollision/NarrowPhaseCollision/btDiscreteCollisionDetectorInterface.h' : No such file or directory
  (compiler le fichier source 'external/bullet/src/BulletCollision/CollisionDispatch/btBoxBoxDetector.cpp')
  
  btCompoundCompoundCollisionAlgorithm.cpp
/external/bullet/src/BulletCollision/CollisionDispatch/btCompoundCompoundCollisionAlgorithm.cpp(1,1): error C1083: Impossible d'ouvrir le fichier source : 'external/bullet/src/BulletCollision/CollisionDispatch/btCompoundCompoundCollisionAlgorithm.cpp' : No such file or directory
  (compiler le fichier source '/external/bullet/src/BulletCollision/CollisionDispatch/btCompoundCompoundCollisionAlgorithm.cpp')
  
F:\BEAL_JULIEN_SN2\_projet_2025\git\Chai3d-3.2.0\modules\BULLET\external\bullet\src\BulletCollision\CollisionDispatch\btManifoldResult.h(26,10): error C1083: Impossible d'ouvrir le fichier include : 'BulletCollision/NarrowPhaseCollision/btDiscreteCollisionDetectorInterface.h' : No such file or directory
  (compiler le fichier source 'external/bullet/src/BulletCollision/CollisionDispatch/btCollisionDispatcher.cpp')
  
  btConvex2dConvex2dAlgorithm.cpp
  btConvexConcaveCollisionAlgorithm.cpp
F:\BEAL_JULIEN_SN2\_projet_2025\git\Chai3d-3.2.0\modules\BULLET\external\bullet\src\BulletCollision\CollisionDispatch\btManifoldResult.h(26,10): error C1083: Impossible d'ouvrir le fichier include : 'BulletCollision/NarrowPhaseCollision/btDiscreteCollisionDetectorInterface.h' : No such file or directory
  (compiler le fichier source 'external/bullet/src/BulletCollision/CollisionDispatch/btActivatingCollisionAlgorithm.cpp')
  
  btConvexConvexAlgorithm.cpp
F:\BEAL_JULIEN_SN2\_projet_2025\git\Chai3d-3.2.0\modules\BULLET\external\bullet\src\BulletCollision\CollisionDispatch\btManifoldResult.h(26,10): error C1083: Impossible d'ouvrir le fichier include : 'BulletCollision/NarrowPhaseCollision/btDiscreteCollisionDetectorInterface.h' : No such file or directory
  (compiler le fichier source 'external/bullet/src/BulletCollision/CollisionDispatch/btCollisionWorldImporter.cpp')
  
  btConvexPlaneCollisionAlgorithm.cpp
F:\BEAL_JULIEN_SN2\_projet_2025\git\Chai3d-3.2.0\modules\BULLET\external\bullet\src\BulletCollision\CollisionDispatch\btManifoldResult.h(26,10): error C1083: Impossible d'ouvrir le fichier include : 'BulletCollision/NarrowPhaseCollision/btDiscreteCollisionDetectorInterface.h' : No such file or directory
  (compiler le fichier source 'external/bullet/src/BulletCollision/CollisionDispatch/btBox2dBox2dCollisionAlgorithm.cpp')
  
  btDefaultCollisionConfiguration.cpp
F:\BEAL_JULIEN_SN2\_projet_2025\git\Chai3d-3.2.0\modules\BULLET\external\bullet\src\BulletCollision\CollisionDispatch\btManifoldResult.h(26,10): error C1083: Impossible d'ouvrir le fichier include : 'BulletCollision/NarrowPhaseCollision/btDiscreteCollisionDetectorInterface.h' : No such file or directory
  (compiler le fichier source 'external/bullet/src/BulletCollision/CollisionDispatch/btCollisionWorld.cpp')
  
  btEmptyCollisionAlgorithm.cpp
F:\BEAL_JULIEN_SN2\_projet_2025\git\Chai3d-3.2.0\modules\BULLET\external\bullet\src\BulletCollision\CollisionDispatch\btManifoldResult.h(26,10): error C1083: Impossible d'ouvrir le fichier include : 'BulletCollision/NarrowPhaseCollision/btDiscreteCollisionDetectorInterface.h' : No such file or directory
  (compiler le fichier source 'external/bullet/src/BulletCollision/CollisionDispatch/btBoxBoxCollisionAlgorithm.cpp')
  
F:\BEAL_JULIEN_SN2\_projet_2025\git\Chai3d-3.2.0\modules\BULLET\external\bullet\src\BulletCollision\NarrowPhaseCollision\btGjkPairDetector.h(22,10): error C1083: Impossible d'ouvrir le fichier include : 'btDiscreteCollisionDetectorInterface.h' : No such file or directory
  (compiler le fichier source 'external/bullet/src/BulletCollision/CollisionDispatch/btConvexConvexAlgorithm.cpp')
  
  btGhostObject.cpp
  btManifoldResult.cpp
F:\BEAL_JULIEN_SN2\_projet_2025\git\Chai3d-3.2.0\modules\BULLET\external\bullet\src\BulletCollision\NarrowPhaseCollision\btGjkPairDetector.h(22,10): error C1083: Impossible d'ouvrir le fichier include : 'btDiscreteCollisionDetectorInterface.h' : No such file or directory
  (compiler le fichier source 'external/bullet/src/BulletCollision/CollisionDispatch/btConvex2dConvex2dAlgorithm.cpp')
  
  btSimulationIslandManager.cpp
F:\BEAL_JULIEN_SN2\_projet_2025\git\Chai3d-3.2.0\modules\BULLET\external\bullet\src\BulletCollision\CollisionDispatch\btManifoldResult.h(26,10): error C1083: Impossible d'ouvrir le fichier include : 'BulletCollision/NarrowPhaseCollision/btDiscreteCollisionDetectorInterface.h' : No such file or directory
  (compiler le fichier source 'external/bullet/src/BulletCollision/CollisionDispatch/btCompoundCollisionAlgorithm.cpp')
  
F:\BEAL_JULIEN_SN2\_projet_2025\git\Chai3d-3.2.0\modules\BULLET\external\bullet\src\BulletCollision\NarrowPhaseCollision\btGjkPairDetector.h(22,10): error C1083: Impossible d'ouvrir le fichier include : 'btDiscreteCollisionDetectorInterface.h' : No such file or directory
  (compiler le fichier source 'external/bullet/src/BulletCollision/CollisionDispatch/btDefaultCollisionConfiguration.cpp')
  
  btSphereBoxCollisionAlgorithm.cpp
  btSphereSphereCollisionAlgorithm.cpp
F:\BEAL_JULIEN_SN2\_projet_2025\git\Chai3d-3.2.0\modules\BULLET\external\bullet\src\BulletCollision\CollisionDispatch\btManifoldResult.h(26,10): error C1083: Impossible d'ouvrir le fichier include : 'BulletCollision/NarrowPhaseCollision/btDiscreteCollisionDetectorInterface.h' : No such file or directory
  (compiler le fichier source 'external/bullet/src/BulletCollision/CollisionDispatch/btConvexPlaneCollisionAlgorithm.cpp')
  
  btSphereTriangleCollisionAlgorithm.cpp
F:\BEAL_JULIEN_SN2\_projet_2025\git\Chai3d-3.2.0\modules\BULLET\external\bullet\src\BulletCollision\CollisionDispatch\btManifoldResult.h(26,10): error C1083: Impossible d'ouvrir le fichier include : 'BulletCollision/NarrowPhaseCollision/btDiscreteCollisionDetectorInterface.h' : No such file or directory
  (compiler le fichier source 'external/bullet/src/BulletCollision/CollisionDispatch/btManifoldResult.cpp')
  
F:\BEAL_JULIEN_SN2\_projet_2025\git\Chai3d-3.2.0\modules\BULLET\external\bullet\src\BulletCollision\CollisionDispatch\btManifoldResult.h(26,10): error C1083: Impossible d'ouvrir le fichier include : 'BulletCollision/NarrowPhaseCollision/btDiscreteCollisionDetectorInterface.h' : No such file or directory
  (compiler le fichier source 'external/bullet/src/BulletCollision/CollisionDispatch/btEmptyCollisionAlgorithm.cpp')
  
  SphereTriangleDetector.cpp
  btGImpactCollisionAlgorithm.cpp
F:\BEAL_JULIEN_SN2\_projet_2025\git\Chai3d-3.2.0\modules\BULLET\external\bullet\src\BulletCollision\CollisionDispatch\btManifoldResult.h(26,10): error C1083: Impossible d'ouvrir le fichier include : 'BulletCollision/NarrowPhaseCollision/btDiscreteCollisionDetectorInterface.h' : No such file or directory
  (compiler le fichier source 'external/bullet/src/BulletCollision/CollisionDispatch/btConvexConcaveCollisionAlgorithm.cpp')
  
  btGImpactShape.cpp
F:\BEAL_JULIEN_SN2\_projet_2025\git\Chai3d-3.2.0\modules\BULLET\external\bullet\src\BulletCollision\CollisionDispatch\btManifoldResult.h(26,10): error C1083: Impossible d'ouvrir le fichier include : 'BulletCollision/NarrowPhaseCollision/btDiscreteCollisionDetectorInterface.h' : No such file or directory
  (compiler le fichier source 'external/bullet/src/BulletCollision/CollisionDispatch/btGhostObject.cpp')
  
F:\BEAL_JULIEN_SN2\_projet_2025\git\Chai3d-3.2.0\modules\BULLET\external\bullet\src\BulletCollision\CollisionDispatch\SphereTriangleDetector.h(19,10): error C1083: Impossible d'ouvrir le fichier include : 'BulletCollision/NarrowPhaseCollision/btDiscreteCollisionDetectorInterface.h' : No such file or directory
  (compiler le fichier source 'external/bullet/src/BulletCollision/CollisionDispatch/SphereTriangleDetector.cpp')
  
  btContinuousConvexCollision.cpp
  btGjkConvexCast.cpp
F:\BEAL_JULIEN_SN2\_projet_2025\git\Chai3d-3.2.0\modules\BULLET\external\bullet\src\BulletCollision\CollisionDispatch\btManifoldResult.h(26,10): error C1083: Impossible d'ouvrir le fichier include : 'BulletCollision/NarrowPhaseCollision/btDiscreteCollisionDetectorInterface.h' : No such file or directory
  (compiler le fichier source 'external/bullet/src/BulletCollision/CollisionDispatch/btSimulationIslandManager.cpp')
  
  btGjkPairDetector.cpp
F:\BEAL_JULIEN_SN2\_projet_2025\git\Chai3d-3.2.0\modules\BULLET\external\bullet\src\BulletCollision\CollisionDispatch\btManifoldResult.h(26,10): error C1083: Impossible d'ouvrir le fichier include : 'BulletCollision/NarrowPhaseCollision/btDiscreteCollisionDetectorInterface.h' : No such file or directory
  (compiler le fichier source 'external/bullet/src/BulletCollision/CollisionDispatch/btSphereSphereCollisionAlgorithm.cpp')
  
F:\BEAL_JULIEN_SN2\_projet_2025\git\Chai3d-3.2.0\modules\BULLET\external\bullet\src\BulletCollision\CollisionDispatch\btManifoldResult.h(26,10): error C1083: Impossible d'ouvrir le fichier include : 'BulletCollision/NarrowPhaseCollision/btDiscreteCollisionDetectorInterface.h' : No such file or directory
  (compiler le fichier source 'external/bullet/src/BulletCollision/CollisionDispatch/btSphereBoxCollisionAlgorithm.cpp')
  
  btMinkowskiPenetrationDepthSolver.cpp
/external/bullet/src/BulletCollision/NarrowPhaseCollision/btMinkowskiPenetrationDepthSolver.cpp(1,1): error C1083: Impossible d'ouvrir le fichier source : 'external/bullet/src/BulletCollision/NarrowPhaseCollision/btMinkowskiPenetrationDepthSolver.cpp' : No such file or directory
  (compiler le fichier source '/external/bullet/src/BulletCollision/NarrowPhaseCollision/btMinkowskiPenetrationDepthSolver.cpp')
  
  btPolyhedralContactClipping.cpp
  btSubSimplexConvexCast.cpp
F:\BEAL_JULIEN_SN2\_projet_2025\git\Chai3d-3.2.0\modules\BULLET\external\bullet\src\BulletCollision\NarrowPhaseCollision\btGjkPairDetector.h(22,10): error C1083: Impossible d'ouvrir le fichier include : 'btDiscreteCollisionDetectorInterface.h' : No such file or directory
  (compiler le fichier source 'external/bullet/src/BulletCollision/NarrowPhaseCollision/btGjkPairDetector.cpp')
  
F:\BEAL_JULIEN_SN2\_projet_2025\git\Chai3d-3.2.0\modules\BULLET\external\bullet\src\BulletCollision\CollisionDispatch\btManifoldResult.h(26,10): error C1083: Impossible d'ouvrir le fichier include : 'BulletCollision/NarrowPhaseCollision/btDiscreteCollisionDetectorInterface.h' : No such file or directory
  (compiler le fichier source 'external/bullet/src/BulletCollision/CollisionDispatch/btSphereTriangleCollisionAlgorithm.cpp')
  
  btKinematicCharacterController.cpp
  btDiscreteDynamicsWorld.cpp
F:\BEAL_JULIEN_SN2\_projet_2025\git\Chai3d-3.2.0\modules\BULLET\external\bullet\src\BulletCollision\CollisionDispatch\btManifoldResult.h(26,10): error C1083: Impossible d'ouvrir le fichier include : 'BulletCollision/NarrowPhaseCollision/btDiscreteCollisionDetectorInterface.h' : No such file or directory
  (compiler le fichier source 'external/bullet/src/BulletCollision/Gimpact/btGImpactCollisionAlgorithm.cpp')
  
  btSimpleDynamicsWorld.cpp
F:\BEAL_JULIEN_SN2\_projet_2025\git\Chai3d-3.2.0\modules\BULLET\external\bullet\src\BulletCollision\CollisionDispatch\btManifoldResult.h(26,10): error C1083: Impossible d'ouvrir le fichier include : 'BulletCollision/NarrowPhaseCollision/btDiscreteCollisionDetectorInterface.h' : No such file or directory
  (compiler le fichier source 'external/bullet/src/BulletCollision/Gimpact/btGImpactShape.cpp')
  
F:\BEAL_JULIEN_SN2\_projet_2025\git\Chai3d-3.2.0\modules\BULLET\external\bullet\src\BulletCollision\NarrowPhaseCollision\btGjkPairDetector.h(22,10): error C1083: Impossible d'ouvrir le fichier include : 'btDiscreteCollisionDetectorInterface.h' : No such file or directory
  (compiler le fichier source 'external/bullet/src/BulletCollision/NarrowPhaseCollision/btContinuousConvexCollision.cpp')
  
  btMultiBodyDynamicsWorld.cpp
  btRaycastVehicle.cpp
F:\BEAL_JULIEN_SN2\_projet_2025\git\Chai3d-3.2.0\modules\BULLET\external\bullet\src\BulletCollision\NarrowPhaseCollision\btGjkPairDetector.h(22,10): error C1083: Impossible d'ouvrir le fichier include : 'btDiscreteCollisionDetectorInterface.h' : No such file or directory
  (compiler le fichier source 'external/bullet/src/BulletCollision/NarrowPhaseCollision/btGjkConvexCast.cpp')
  
  btSoftBody.cpp
F:\BEAL_JULIEN_SN2\_projet_2025\git\Chai3d-3.2.0\modules\BULLET\external\bullet\src\BulletCollision\NarrowPhaseCollision\btPointCollector.h(19,10): error C1083: Impossible d'ouvrir le fichier include : 'btDiscreteCollisionDetectorInterface.h' : No such file or directory
  (compiler le fichier source 'external/bullet/src/BulletCollision/NarrowPhaseCollision/btSubSimplexConvexCast.cpp')
  
F:\BEAL_JULIEN_SN2\_projet_2025\git\Chai3d-3.2.0\modules\BULLET\external\bullet\src\BulletCollision\NarrowPhaseCollision\btPolyhedralContactClipping.h(26,10): error C1083: Impossible d'ouvrir le fichier include : 'btDiscreteCollisionDetectorInterface.h' : No such file or directory
  (compiler le fichier source 'external/bullet/src/BulletCollision/NarrowPhaseCollision/btPolyhedralContactClipping.cpp')
  
  btSoftBodyConcaveCollisionAlgorithm.cpp
F:\BEAL_JULIEN_SN2\_projet_2025\git\Chai3d-3.2.0\modules\BULLET\external\bullet\src\BulletCollision\CollisionDispatch\btManifoldResult.h(26,10): error C1083: Impossible d'ouvrir le fichier include : 'BulletCollision/NarrowPhaseCollision/btDiscreteCollisionDetectorInterface.h' : No such file or directory
  (compiler le fichier source 'external/bullet/src/BulletDynamics/Dynamics/btDiscreteDynamicsWorld.cpp')
  
  btSoftBodyHelpers.cpp
F:\BEAL_JULIEN_SN2\_projet_2025\git\Chai3d-3.2.0\modules\BULLET\external\bullet\src\BulletCollision\CollisionDispatch\btManifoldResult.h(26,10): error C1083: Impossible d'ouvrir le fichier include : 'BulletCollision/NarrowPhaseCollision/btDiscreteCollisionDetectorInterface.h' : No such file or directory
  (compiler le fichier source 'external/bullet/src/BulletDynamics/Dynamics/btSimpleDynamicsWorld.cpp')
  
  btSoftBodyRigidBodyCollisionConfiguration.cpp
  btSoftRigidCollisionAlgorithm.cpp
F:\BEAL_JULIEN_SN2\_projet_2025\git\Chai3d-3.2.0\modules\BULLET\external\bullet\src\BulletCollision\CollisionDispatch\btManifoldResult.h(26,10): error C1083: Impossible d'ouvrir le fichier include : 'BulletCollision/NarrowPhaseCollision/btDiscreteCollisionDetectorInterface.h' : No such file or directory
  (compiler le fichier source 'external/bullet/src/BulletDynamics/Character/btKinematicCharacterController.cpp')
  
F:\BEAL_JULIEN_SN2\_projet_2025\git\Chai3d-3.2.0\modules\BULLET\external\bullet\src\BulletCollision\CollisionDispatch\btManifoldResult.h(26,10): error C1083: Impossible d'ouvrir le fichier include : 'BulletCollision/NarrowPhaseCollision/btDiscreteCollisionDetectorInterface.h' : No such file or directory
  (compiler le fichier source 'external/bullet/src/BulletDynamics/Vehicle/btRaycastVehicle.cpp')
  
  btSoftRigidDynamicsWorld.cpp
  btSoftSoftCollisionAlgorithm.cpp
F:\BEAL_JULIEN_SN2\_projet_2025\git\Chai3d-3.2.0\modules\BULLET\external\bullet\src\BulletCollision\CollisionDispatch\btManifoldResult.h(26,10): error C1083: Impossible d'ouvrir le fichier include : 'BulletCollision/NarrowPhaseCollision/btDiscreteCollisionDetectorInterface.h' : No such file or directory
  (compiler le fichier source 'external/bullet/src/BulletSoftBody/btSoftBodyRigidBodyCollisionConfiguration.cpp')
  
F:\BEAL_JULIEN_SN2\_projet_2025\git\Chai3d-3.2.0\modules\BULLET\external\bullet\src\BulletCollision\CollisionDispatch\btManifoldResult.h(26,10): error C1083: Impossible d'ouvrir le fichier include : 'BulletCollision/NarrowPhaseCollision/btDiscreteCollisionDetectorInterface.h' : No such file or directory
  (compiler le fichier source 'external/bullet/src/BulletSoftBody/btSoftBody.cpp')
  
  CBulletBox.cpp
  CBulletCylinder.cpp
F:\BEAL_JULIEN_SN2\_projet_2025\git\Chai3d-3.2.0\modules\BULLET\external\bullet\src\BulletCollision\CollisionDispatch\btManifoldResult.h(26,10): error C1083: Impossible d'ouvrir le fichier include : 'BulletCollision/NarrowPhaseCollision/btDiscreteCollisionDetectorInterface.h' : No such file or directory
  (compiler le fichier source 'external/bullet/src/BulletDynamics/Featherstone/btMultiBodyDynamicsWorld.cpp')
  
  CBulletGenericObject.cpp
F:\BEAL_JULIEN_SN2\_projet_2025\git\Chai3d-3.2.0\modules\BULLET\external\bullet\src\BulletCollision\CollisionDispatch\btManifoldResult.h(26,10): error C1083: Impossible d'ouvrir le fichier include : 'BulletCollision/NarrowPhaseCollision/btDiscreteCollisionDetectorInterface.h' : No such file or directory
  (compiler le fichier source 'external/bullet/src/BulletSoftBody/btSoftRigidCollisionAlgorithm.cpp')
  
  CBulletMesh.cpp
F:\BEAL_JULIEN_SN2\_projet_2025\git\Chai3d-3.2.0\modules\BULLET\external\bullet\src\BulletCollision\CollisionDispatch\btManifoldResult.h(26,10): error C1083: Impossible d'ouvrir le fichier include : 'BulletCollision/NarrowPhaseCollision/btDiscreteCollisionDetectorInterface.h' : No such file or directory
  (compiler le fichier source 'external/bullet/src/BulletSoftBody/btSoftBodyHelpers.cpp')
  
F:\BEAL_JULIEN_SN2\_projet_2025\git\Chai3d-3.2.0\modules\BULLET\external\bullet\src\BulletCollision\CollisionDispatch\btManifoldResult.h(26,10): error C1083: Impossible d'ouvrir le fichier include : 'BulletCollision/NarrowPhaseCollision/btDiscreteCollisionDetectorInterface.h' : No such file or directory
  (compiler le fichier source 'external/bullet/src/BulletSoftBody/btSoftSoftCollisionAlgorithm.cpp')
  
  CBulletMultiMesh.cpp
  CBulletSphere.cpp
F:\BEAL_JULIEN_SN2\_projet_2025\git\Chai3d-3.2.0\modules\BULLET\external\bullet\src\BulletCollision\CollisionDispatch\btManifoldResult.h(26,10): error C1083: Impossible d'ouvrir le fichier include : 'BulletCollision/NarrowPhaseCollision/btDiscreteCollisionDetectorInterface.h' : No such file or directory
  (compiler le fichier source 'external/bullet/src/BulletSoftBody/btSoftBodyConcaveCollisionAlgorithm.cpp')
  
  CBulletStaticPlane.cpp
F:\BEAL_JULIEN_SN2\_projet_2025\git\Chai3d-3.2.0\modules\BULLET\external\bullet\src\BulletCollision\CollisionDispatch\btManifoldResult.h(26,10): error C1083: Impossible d'ouvrir le fichier include : 'BulletCollision/NarrowPhaseCollision/btDiscreteCollisionDetectorInterface.h' : No such file or directory
  (compiler le fichier source 'external/bullet/src/BulletSoftBody/btSoftRigidDynamicsWorld.cpp')
  
  CBulletVehicle.cpp
F:\BEAL_JULIEN_SN2\_projet_2025\git\Chai3d-3.2.0\modules\BULLET\external\bullet\src\BulletCollision\CollisionDispatch\btManifoldResult.h(26,10): error C1083: Impossible d'ouvrir le fichier include : 'BulletCollision/NarrowPhaseCollision/btDiscreteCollisionDetectorInterface.h' : No such file or directory
  (compiler le fichier source '../../../../BULLET/src/CBulletSphere.cpp')
  
  CBulletWorld.cpp
F:\BEAL_JULIEN_SN2\_projet_2025\git\Chai3d-3.2.0\modules\BULLET\external\bullet\src\BulletCollision\CollisionDispatch\btManifoldResult.h(26,10): error C1083: Impossible d'ouvrir le fichier include : 'BulletCollision/NarrowPhaseCollision/btDiscreteCollisionDetectorInterface.h' : No such file or directory
  (compiler le fichier source '../../../../BULLET/src/CBulletMesh.cpp')
  
F:\BEAL_JULIEN_SN2\_projet_2025\git\Chai3d-3.2.0\modules\BULLET\external\bullet\src\BulletCollision\CollisionDispatch\btManifoldResult.h(26,10): error C1083: Impossible d'ouvrir le fichier include : 'BulletCollision/NarrowPhaseCollision/btDiscreteCollisionDetectorInterface.h' : No such file or directory
  (compiler le fichier source '../../../../BULLET/src/CBulletMultiMesh.cpp')
  
F:\BEAL_JULIEN_SN2\_projet_2025\git\Chai3d-3.2.0\modules\BULLET\external\bullet\src\BulletCollision\CollisionDispatch\btManifoldResult.h(26,10): error C1083: Impossible d'ouvrir le fichier include : 'BulletCollision/NarrowPhaseCollision/btDiscreteCollisionDetectorInterface.h' : No such file or directory
  (compiler le fichier source '../../../../BULLET/src/CBulletBox.cpp')
  
F:\BEAL_JULIEN_SN2\_projet_2025\git\Chai3d-3.2.0\modules\BULLET\external\bullet\src\BulletCollision\CollisionDispatch\btManifoldResult.h(26,10): error C1083: Impossible d'ouvrir le fichier include : 'BulletCollision/NarrowPhaseCollision/btDiscreteCollisionDetectorInterface.h' : No such file or directory
  (compiler le fichier source '../../../../BULLET/src/CBulletStaticPlane.cpp')
  
F:\BEAL_JULIEN_SN2\_projet_2025\git\Chai3d-3.2.0\modules\BULLET\external\bullet\src\BulletCollision\CollisionDispatch\btManifoldResult.h(26,10): error C1083: Impossible d'ouvrir le fichier include : 'BulletCollision/NarrowPhaseCollision/btDiscreteCollisionDetectorInterface.h' : No such file or directory
  (compiler le fichier source '../../../../BULLET/src/CBulletGenericObject.cpp')
  
F:\BEAL_JULIEN_SN2\_projet_2025\git\Chai3d-3.2.0\modules\BULLET\external\bullet\src\BulletCollision\CollisionDispatch\btManifoldResult.h(26,10): error C1083: Impossible d'ouvrir le fichier include : 'BulletCollision/NarrowPhaseCollision/btDiscreteCollisionDetectorInterface.h' : No such file or directory
  (compiler le fichier source '../../../../BULLET/src/CBulletVehicle.cpp')
  
F:\BEAL_JULIEN_SN2\_projet_2025\git\Chai3d-3.2.0\modules\BULLET\external\bullet\src\BulletCollision\CollisionDispatch\btManifoldResult.h(26,10): error C1083: Impossible d'ouvrir le fichier include : 'BulletCollision/NarrowPhaseCollision/btDiscreteCollisionDetectorInterface.h' : No such file or directory
  (compiler le fichier source '../../../../BULLET/src/CBulletCylinder.cpp')
  
F:\BEAL_JULIEN_SN2\_projet_2025\git\Chai3d-3.2.0\modules\BULLET\external\bullet\src\BulletCollision\CollisionDispatch\btManifoldResult.h(26,10): error C1083: Impossible d'ouvrir le fichier include : 'BulletCollision/NarrowPhaseCollision/btDiscreteCollisionDetectorInterface.h' : No such file or directory
  (compiler le fichier source '../../../modules/BULLET/src/CBulletWorld.cpp')
  
