f:\beal_julien_sn2\_projet_2025\git\chai3d-3.2.0\modules\bullet\obj\release\x64\btactivatingcollisionalgorithm.obj
f:\beal_julien_sn2\_projet_2025\git\chai3d-3.2.0\modules\bullet\obj\release\x64\btalignedallocator.obj
f:\beal_julien_sn2\_projet_2025\git\chai3d-3.2.0\modules\bullet\obj\release\x64\btaxissweep3.obj
f:\beal_julien_sn2\_projet_2025\git\chai3d-3.2.0\modules\bullet\obj\release\x64\btbox2dbox2dcollisionalgorithm.obj
f:\beal_julien_sn2\_projet_2025\git\chai3d-3.2.0\modules\bullet\obj\release\x64\btbox2dshape.obj
f:\beal_julien_sn2\_projet_2025\git\chai3d-3.2.0\modules\bullet\obj\release\x64\btboxboxcollisionalgorithm.obj
f:\beal_julien_sn2\_projet_2025\git\chai3d-3.2.0\modules\bullet\obj\release\x64\btboxboxdetector.obj
f:\beal_julien_sn2\_projet_2025\git\chai3d-3.2.0\modules\bullet\obj\release\x64\btboxshape.obj
f:\beal_julien_sn2\_projet_2025\git\chai3d-3.2.0\modules\bullet\obj\release\x64\btbroadphaseproxy.obj
f:\beal_julien_sn2\_projet_2025\git\chai3d-3.2.0\modules\bullet\obj\release\x64\btbvhtrianglemeshshape.obj
f:\beal_julien_sn2\_projet_2025\git\chai3d-3.2.0\modules\bullet\obj\release\x64\btcapsuleshape.obj
f:\beal_julien_sn2\_projet_2025\git\chai3d-3.2.0\modules\bullet\obj\release\x64\btcollisionalgorithm.obj
f:\beal_julien_sn2\_projet_2025\git\chai3d-3.2.0\modules\bullet\obj\release\x64\btcollisiondispatcher.obj
f:\beal_julien_sn2\_projet_2025\git\chai3d-3.2.0\modules\bullet\obj\release\x64\btcollisionobject.obj
f:\beal_julien_sn2\_projet_2025\git\chai3d-3.2.0\modules\bullet\obj\release\x64\btcollisionshape.obj
f:\beal_julien_sn2\_projet_2025\git\chai3d-3.2.0\modules\bullet\obj\release\x64\btcollisionworld.obj
f:\beal_julien_sn2\_projet_2025\git\chai3d-3.2.0\modules\bullet\obj\release\x64\btcollisionworldimporter.obj
f:\beal_julien_sn2\_projet_2025\git\chai3d-3.2.0\modules\bullet\obj\release\x64\btcompoundcollisionalgorithm.obj
f:\beal_julien_sn2\_projet_2025\git\chai3d-3.2.0\modules\bullet\obj\release\x64\btcompoundcompoundcollisionalgorithm.obj
f:\beal_julien_sn2\_projet_2025\git\chai3d-3.2.0\modules\bullet\obj\release\x64\btcompoundshape.obj
f:\beal_julien_sn2\_projet_2025\git\chai3d-3.2.0\modules\bullet\obj\release\x64\btconcaveshape.obj
f:\beal_julien_sn2\_projet_2025\git\chai3d-3.2.0\modules\bullet\obj\release\x64\btconeshape.obj
f:\beal_julien_sn2\_projet_2025\git\chai3d-3.2.0\modules\bullet\obj\release\x64\btconetwistconstraint.obj
f:\beal_julien_sn2\_projet_2025\git\chai3d-3.2.0\modules\bullet\obj\release\x64\btcontactconstraint.obj
f:\beal_julien_sn2\_projet_2025\git\chai3d-3.2.0\modules\bullet\obj\release\x64\btcontactprocessing.obj
f:\beal_julien_sn2\_projet_2025\git\chai3d-3.2.0\modules\bullet\obj\release\x64\btcontinuousconvexcollision.obj
f:\beal_julien_sn2\_projet_2025\git\chai3d-3.2.0\modules\bullet\obj\release\x64\btconvex2dconvex2dalgorithm.obj
f:\beal_julien_sn2\_projet_2025\git\chai3d-3.2.0\modules\bullet\obj\release\x64\btconvex2dshape.obj
f:\beal_julien_sn2\_projet_2025\git\chai3d-3.2.0\modules\bullet\obj\release\x64\btconvexcast.obj
f:\beal_julien_sn2\_projet_2025\git\chai3d-3.2.0\modules\bullet\obj\release\x64\btconvexconcavecollisionalgorithm.obj
f:\beal_julien_sn2\_projet_2025\git\chai3d-3.2.0\modules\bullet\obj\release\x64\btconvexconvexalgorithm.obj
f:\beal_julien_sn2\_projet_2025\git\chai3d-3.2.0\modules\bullet\obj\release\x64\btconvexhull.obj
f:\beal_julien_sn2\_projet_2025\git\chai3d-3.2.0\modules\bullet\obj\release\x64\btconvexhullcomputer.obj
f:\beal_julien_sn2\_projet_2025\git\chai3d-3.2.0\modules\bullet\obj\release\x64\btconvexhullshape.obj
f:\beal_julien_sn2\_projet_2025\git\chai3d-3.2.0\modules\bullet\obj\release\x64\btconvexinternalshape.obj
f:\beal_julien_sn2\_projet_2025\git\chai3d-3.2.0\modules\bullet\obj\release\x64\btconvexplanecollisionalgorithm.obj
f:\beal_julien_sn2\_projet_2025\git\chai3d-3.2.0\modules\bullet\obj\release\x64\btconvexpointcloudshape.obj
f:\beal_julien_sn2\_projet_2025\git\chai3d-3.2.0\modules\bullet\obj\release\x64\btconvexpolyhedron.obj
f:\beal_julien_sn2\_projet_2025\git\chai3d-3.2.0\modules\bullet\obj\release\x64\btconvexshape.obj
f:\beal_julien_sn2\_projet_2025\git\chai3d-3.2.0\modules\bullet\obj\release\x64\btconvextrianglemeshshape.obj
f:\beal_julien_sn2\_projet_2025\git\chai3d-3.2.0\modules\bullet\obj\release\x64\btcylindershape.obj
f:\beal_julien_sn2\_projet_2025\git\chai3d-3.2.0\modules\bullet\obj\release\x64\btdantziglcp.obj
f:\beal_julien_sn2\_projet_2025\git\chai3d-3.2.0\modules\bullet\obj\release\x64\btdbvt.obj
f:\beal_julien_sn2\_projet_2025\git\chai3d-3.2.0\modules\bullet\obj\release\x64\btdbvtbroadphase.obj
f:\beal_julien_sn2\_projet_2025\git\chai3d-3.2.0\modules\bullet\obj\release\x64\btdefaultcollisionconfiguration.obj
f:\beal_julien_sn2\_projet_2025\git\chai3d-3.2.0\modules\bullet\obj\release\x64\btdefaultsoftbodysolver.obj
f:\beal_julien_sn2\_projet_2025\git\chai3d-3.2.0\modules\bullet\obj\release\x64\btdiscretedynamicsworld.obj
f:\beal_julien_sn2\_projet_2025\git\chai3d-3.2.0\modules\bullet\obj\release\x64\btdispatcher.obj
f:\beal_julien_sn2\_projet_2025\git\chai3d-3.2.0\modules\bullet\obj\release\x64\btemptycollisionalgorithm.obj
f:\beal_julien_sn2\_projet_2025\git\chai3d-3.2.0\modules\bullet\obj\release\x64\btemptyshape.obj
f:\beal_julien_sn2\_projet_2025\git\chai3d-3.2.0\modules\bullet\obj\release\x64\btfixedconstraint.obj
f:\beal_julien_sn2\_projet_2025\git\chai3d-3.2.0\modules\bullet\obj\release\x64\btgearconstraint.obj
f:\beal_julien_sn2\_projet_2025\git\chai3d-3.2.0\modules\bullet\obj\release\x64\btgeneric6dofconstraint.obj
f:\beal_julien_sn2\_projet_2025\git\chai3d-3.2.0\modules\bullet\obj\release\x64\btgeneric6dofspring2constraint.obj
f:\beal_julien_sn2\_projet_2025\git\chai3d-3.2.0\modules\bullet\obj\release\x64\btgeneric6dofspringconstraint.obj
f:\beal_julien_sn2\_projet_2025\git\chai3d-3.2.0\modules\bullet\obj\release\x64\btgenericpoolallocator.obj
f:\beal_julien_sn2\_projet_2025\git\chai3d-3.2.0\modules\bullet\obj\release\x64\btgeometryutil.obj
f:\beal_julien_sn2\_projet_2025\git\chai3d-3.2.0\modules\bullet\obj\release\x64\btghostobject.obj
f:\beal_julien_sn2\_projet_2025\git\chai3d-3.2.0\modules\bullet\obj\release\x64\btgimpactbvh.obj
f:\beal_julien_sn2\_projet_2025\git\chai3d-3.2.0\modules\bullet\obj\release\x64\btgimpactcollisionalgorithm.obj
f:\beal_julien_sn2\_projet_2025\git\chai3d-3.2.0\modules\bullet\obj\release\x64\btgimpactquantizedbvh.obj
f:\beal_julien_sn2\_projet_2025\git\chai3d-3.2.0\modules\bullet\obj\release\x64\btgimpactshape.obj
f:\beal_julien_sn2\_projet_2025\git\chai3d-3.2.0\modules\bullet\obj\release\x64\btgjkconvexcast.obj
f:\beal_julien_sn2\_projet_2025\git\chai3d-3.2.0\modules\bullet\obj\release\x64\btgjkepa2.obj
f:\beal_julien_sn2\_projet_2025\git\chai3d-3.2.0\modules\bullet\obj\release\x64\btgjkepapenetrationdepthsolver.obj
f:\beal_julien_sn2\_projet_2025\git\chai3d-3.2.0\modules\bullet\obj\release\x64\btgjkpairdetector.obj
f:\beal_julien_sn2\_projet_2025\git\chai3d-3.2.0\modules\bullet\obj\release\x64\bthashedsimplepaircache.obj
f:\beal_julien_sn2\_projet_2025\git\chai3d-3.2.0\modules\bullet\obj\release\x64\btheightfieldterrainshape.obj
f:\beal_julien_sn2\_projet_2025\git\chai3d-3.2.0\modules\bullet\obj\release\x64\bthinge2constraint.obj
f:\beal_julien_sn2\_projet_2025\git\chai3d-3.2.0\modules\bullet\obj\release\x64\bthingeconstraint.obj
f:\beal_julien_sn2\_projet_2025\git\chai3d-3.2.0\modules\bullet\obj\release\x64\btinternaledgeutility.obj
f:\beal_julien_sn2\_projet_2025\git\chai3d-3.2.0\modules\bullet\obj\release\x64\btkinematiccharactercontroller.obj
f:\beal_julien_sn2\_projet_2025\git\chai3d-3.2.0\modules\bullet\obj\release\x64\btlemkealgorithm.obj
f:\beal_julien_sn2\_projet_2025\git\chai3d-3.2.0\modules\bullet\obj\release\x64\btmanifoldresult.obj
f:\beal_julien_sn2\_projet_2025\git\chai3d-3.2.0\modules\bullet\obj\release\x64\btminkowskipenetrationdepthsolver.obj
f:\beal_julien_sn2\_projet_2025\git\chai3d-3.2.0\modules\bullet\obj\release\x64\btminkowskisumshape.obj
f:\beal_julien_sn2\_projet_2025\git\chai3d-3.2.0\modules\bullet\obj\release\x64\btmlcpsolver.obj
f:\beal_julien_sn2\_projet_2025\git\chai3d-3.2.0\modules\bullet\obj\release\x64\btmultibody.obj
f:\beal_julien_sn2\_projet_2025\git\chai3d-3.2.0\modules\bullet\obj\release\x64\btmultibodyconstraint.obj
f:\beal_julien_sn2\_projet_2025\git\chai3d-3.2.0\modules\bullet\obj\release\x64\btmultibodyconstraintsolver.obj
f:\beal_julien_sn2\_projet_2025\git\chai3d-3.2.0\modules\bullet\obj\release\x64\btmultibodydynamicsworld.obj
f:\beal_julien_sn2\_projet_2025\git\chai3d-3.2.0\modules\bullet\obj\release\x64\btmultibodyjointlimitconstraint.obj
f:\beal_julien_sn2\_projet_2025\git\chai3d-3.2.0\modules\bullet\obj\release\x64\btmultibodyjointmotor.obj
f:\beal_julien_sn2\_projet_2025\git\chai3d-3.2.0\modules\bullet\obj\release\x64\btmultibodypoint2point.obj
f:\beal_julien_sn2\_projet_2025\git\chai3d-3.2.0\modules\bullet\obj\release\x64\btmultimaterialtrianglemeshshape.obj
f:\beal_julien_sn2\_projet_2025\git\chai3d-3.2.0\modules\bullet\obj\release\x64\btmultisapbroadphase.obj
f:\beal_julien_sn2\_projet_2025\git\chai3d-3.2.0\modules\bullet\obj\release\x64\btmultisphereshape.obj
f:\beal_julien_sn2\_projet_2025\git\chai3d-3.2.0\modules\bullet\obj\release\x64\btnncgconstraintsolver.obj
f:\beal_julien_sn2\_projet_2025\git\chai3d-3.2.0\modules\bullet\obj\release\x64\btoptimizedbvh.obj
f:\beal_julien_sn2\_projet_2025\git\chai3d-3.2.0\modules\bullet\obj\release\x64\btoverlappingpaircache.obj
f:\beal_julien_sn2\_projet_2025\git\chai3d-3.2.0\modules\bullet\obj\release\x64\btpersistentmanifold.obj
f:\beal_julien_sn2\_projet_2025\git\chai3d-3.2.0\modules\bullet\obj\release\x64\btpoint2pointconstraint.obj
f:\beal_julien_sn2\_projet_2025\git\chai3d-3.2.0\modules\bullet\obj\release\x64\btpolardecomposition.obj
f:\beal_julien_sn2\_projet_2025\git\chai3d-3.2.0\modules\bullet\obj\release\x64\btpolyhedralcontactclipping.obj
f:\beal_julien_sn2\_projet_2025\git\chai3d-3.2.0\modules\bullet\obj\release\x64\btpolyhedralconvexshape.obj
f:\beal_julien_sn2\_projet_2025\git\chai3d-3.2.0\modules\bullet\obj\release\x64\btquantizedbvh.obj
f:\beal_julien_sn2\_projet_2025\git\chai3d-3.2.0\modules\bullet\obj\release\x64\btquickprof.obj
f:\beal_julien_sn2\_projet_2025\git\chai3d-3.2.0\modules\bullet\obj\release\x64\btraycastcallback.obj
f:\beal_julien_sn2\_projet_2025\git\chai3d-3.2.0\modules\bullet\obj\release\x64\btraycastvehicle.obj
f:\beal_julien_sn2\_projet_2025\git\chai3d-3.2.0\modules\bullet\obj\release\x64\btrigidbody.obj
f:\beal_julien_sn2\_projet_2025\git\chai3d-3.2.0\modules\bullet\obj\release\x64\btscaledbvhtrianglemeshshape.obj
f:\beal_julien_sn2\_projet_2025\git\chai3d-3.2.0\modules\bullet\obj\release\x64\btsequentialimpulseconstraintsolver.obj
f:\beal_julien_sn2\_projet_2025\git\chai3d-3.2.0\modules\bullet\obj\release\x64\btserializer.obj
f:\beal_julien_sn2\_projet_2025\git\chai3d-3.2.0\modules\bullet\obj\release\x64\btshapehull.obj
f:\beal_julien_sn2\_projet_2025\git\chai3d-3.2.0\modules\bullet\obj\release\x64\btsimplebroadphase.obj
f:\beal_julien_sn2\_projet_2025\git\chai3d-3.2.0\modules\bullet\obj\release\x64\btsimpledynamicsworld.obj
f:\beal_julien_sn2\_projet_2025\git\chai3d-3.2.0\modules\bullet\obj\release\x64\btsimulationislandmanager.obj
f:\beal_julien_sn2\_projet_2025\git\chai3d-3.2.0\modules\bullet\obj\release\x64\btsliderconstraint.obj
f:\beal_julien_sn2\_projet_2025\git\chai3d-3.2.0\modules\bullet\obj\release\x64\btsoftbody.obj
f:\beal_julien_sn2\_projet_2025\git\chai3d-3.2.0\modules\bullet\obj\release\x64\btsoftbodyconcavecollisionalgorithm.obj
f:\beal_julien_sn2\_projet_2025\git\chai3d-3.2.0\modules\bullet\obj\release\x64\btsoftbodyhelpers.obj
f:\beal_julien_sn2\_projet_2025\git\chai3d-3.2.0\modules\bullet\obj\release\x64\btsoftbodyrigidbodycollisionconfiguration.obj
f:\beal_julien_sn2\_projet_2025\git\chai3d-3.2.0\modules\bullet\obj\release\x64\btsoftrigidcollisionalgorithm.obj
f:\beal_julien_sn2\_projet_2025\git\chai3d-3.2.0\modules\bullet\obj\release\x64\btsoftrigiddynamicsworld.obj
f:\beal_julien_sn2\_projet_2025\git\chai3d-3.2.0\modules\bullet\obj\release\x64\btsoftsoftcollisionalgorithm.obj
f:\beal_julien_sn2\_projet_2025\git\chai3d-3.2.0\modules\bullet\obj\release\x64\btsolve2linearconstraint.obj
f:\beal_julien_sn2\_projet_2025\git\chai3d-3.2.0\modules\bullet\obj\release\x64\btsphereboxcollisionalgorithm.obj
f:\beal_julien_sn2\_projet_2025\git\chai3d-3.2.0\modules\bullet\obj\release\x64\btsphereshape.obj
f:\beal_julien_sn2\_projet_2025\git\chai3d-3.2.0\modules\bullet\obj\release\x64\btspherespherecollisionalgorithm.obj
f:\beal_julien_sn2\_projet_2025\git\chai3d-3.2.0\modules\bullet\obj\release\x64\btspheretrianglecollisionalgorithm.obj
f:\beal_julien_sn2\_projet_2025\git\chai3d-3.2.0\modules\bullet\obj\release\x64\btstaticplaneshape.obj
f:\beal_julien_sn2\_projet_2025\git\chai3d-3.2.0\modules\bullet\obj\release\x64\btstridingmeshinterface.obj
f:\beal_julien_sn2\_projet_2025\git\chai3d-3.2.0\modules\bullet\obj\release\x64\btsubsimplexconvexcast.obj
f:\beal_julien_sn2\_projet_2025\git\chai3d-3.2.0\modules\bullet\obj\release\x64\bttetrahedronshape.obj
f:\beal_julien_sn2\_projet_2025\git\chai3d-3.2.0\modules\bullet\obj\release\x64\bttrianglebuffer.obj
f:\beal_julien_sn2\_projet_2025\git\chai3d-3.2.0\modules\bullet\obj\release\x64\bttrianglecallback.obj
f:\beal_julien_sn2\_projet_2025\git\chai3d-3.2.0\modules\bullet\obj\release\x64\bttriangleindexvertexarray.obj
f:\beal_julien_sn2\_projet_2025\git\chai3d-3.2.0\modules\bullet\obj\release\x64\bttriangleindexvertexmaterialarray.obj
f:\beal_julien_sn2\_projet_2025\git\chai3d-3.2.0\modules\bullet\obj\release\x64\bttrianglemesh.obj
f:\beal_julien_sn2\_projet_2025\git\chai3d-3.2.0\modules\bullet\obj\release\x64\bttrianglemeshshape.obj
f:\beal_julien_sn2\_projet_2025\git\chai3d-3.2.0\modules\bullet\obj\release\x64\bttriangleshapeex.obj
f:\beal_julien_sn2\_projet_2025\git\chai3d-3.2.0\modules\bullet\obj\release\x64\bttypedconstraint.obj
f:\beal_julien_sn2\_projet_2025\git\chai3d-3.2.0\modules\bullet\obj\release\x64\btuniformscalingshape.obj
f:\beal_julien_sn2\_projet_2025\git\chai3d-3.2.0\modules\bullet\obj\release\x64\btunionfind.obj
f:\beal_julien_sn2\_projet_2025\git\chai3d-3.2.0\modules\bullet\obj\release\x64\btuniversalconstraint.obj
f:\beal_julien_sn2\_projet_2025\git\chai3d-3.2.0\modules\bullet\obj\release\x64\btvector3.obj
f:\beal_julien_sn2\_projet_2025\git\chai3d-3.2.0\modules\bullet\obj\release\x64\btvoronoisimplexsolver.obj
f:\beal_julien_sn2\_projet_2025\git\chai3d-3.2.0\modules\bullet\obj\release\x64\btwheelinfo.obj
f:\beal_julien_sn2\_projet_2025\git\chai3d-3.2.0\modules\bullet\obj\release\x64\cbulletbox.obj
f:\beal_julien_sn2\_projet_2025\git\chai3d-3.2.0\modules\bullet\obj\release\x64\cbulletcylinder.obj
f:\beal_julien_sn2\_projet_2025\git\chai3d-3.2.0\modules\bullet\obj\release\x64\cbulletgenericobject.obj
f:\beal_julien_sn2\_projet_2025\git\chai3d-3.2.0\modules\bullet\obj\release\x64\cbulletmesh.obj
f:\beal_julien_sn2\_projet_2025\git\chai3d-3.2.0\modules\bullet\obj\release\x64\cbulletmultimesh.obj
f:\beal_julien_sn2\_projet_2025\git\chai3d-3.2.0\modules\bullet\obj\release\x64\cbulletsphere.obj
f:\beal_julien_sn2\_projet_2025\git\chai3d-3.2.0\modules\bullet\obj\release\x64\cbulletstaticplane.obj
f:\beal_julien_sn2\_projet_2025\git\chai3d-3.2.0\modules\bullet\obj\release\x64\cbulletvehicle.obj
f:\beal_julien_sn2\_projet_2025\git\chai3d-3.2.0\modules\bullet\obj\release\x64\cbulletworld.obj
f:\beal_julien_sn2\_projet_2025\git\chai3d-3.2.0\modules\bullet\obj\release\x64\clew.obj
f:\beal_julien_sn2\_projet_2025\git\chai3d-3.2.0\modules\bullet\obj\release\x64\gim_box_set.obj
f:\beal_julien_sn2\_projet_2025\git\chai3d-3.2.0\modules\bullet\obj\release\x64\gim_contact.obj
f:\beal_julien_sn2\_projet_2025\git\chai3d-3.2.0\modules\bullet\obj\release\x64\gim_memory.obj
f:\beal_julien_sn2\_projet_2025\git\chai3d-3.2.0\modules\bullet\obj\release\x64\gim_tri_collision.obj
f:\beal_julien_sn2\_projet_2025\git\chai3d-3.2.0\modules\bullet\obj\release\x64\spheretriangledetector.obj
f:\beal_julien_sn2\_projet_2025\git\chai3d-3.2.0\modules\bullet\lib\release\x64\chai3d-bullet.lib
