f:\beal_julien_sn2\_projet_2025\git\@chai3d-3.2.0_visualstudio_2015_x64-virtualdevice-formes-08\obj\release\x64\theoradatasource.obj
f:\beal_julien_sn2\_projet_2025\git\@chai3d-3.2.0_visualstudio_2015_x64-virtualdevice-formes-08\obj\release\x64\theoravideoclip_theora.obj
f:\beal_julien_sn2\_projet_2025\git\@chai3d-3.2.0_visualstudio_2015_x64-virtualdevice-formes-08\obj\release\x64\ccollisionaabb.obj
f:\beal_julien_sn2\_projet_2025\git\@chai3d-3.2.0_visualstudio_2015_x64-virtualdevice-formes-08\obj\release\x64\cleapdevices.obj
f:\beal_julien_sn2\_projet_2025\git\@chai3d-3.2.0_visualstudio_2015_x64-virtualdevice-formes-08\obj\release\x64\ceffectmagnet.obj
f:\beal_julien_sn2\_projet_2025\git\@chai3d-3.2.0_visualstudio_2015_x64-virtualdevice-formes-08\obj\release\x64\cfileimageraw.obj
f:\beal_julien_sn2\_projet_2025\git\@chai3d-3.2.0_visualstudio_2015_x64-virtualdevice-formes-08\obj\release\x64\cgenericforcealgorithm.obj
f:\beal_julien_sn2\_projet_2025\git\@chai3d-3.2.0_visualstudio_2015_x64-virtualdevice-formes-08\obj\release\x64\cprimitives.obj
f:\beal_julien_sn2\_projet_2025\git\@chai3d-3.2.0_visualstudio_2015_x64-virtualdevice-formes-08\obj\release\x64\ctexture1d.obj
f:\beal_julien_sn2\_projet_2025\git\@chai3d-3.2.0_visualstudio_2015_x64-virtualdevice-formes-08\obj\release\x64\cthread.obj
f:\beal_julien_sn2\_projet_2025\git\@chai3d-3.2.0_visualstudio_2015_x64-virtualdevice-formes-08\obj\release\x64\ctoolgripper.obj
f:\beal_julien_sn2\_projet_2025\git\@chai3d-3.2.0_visualstudio_2015_x64-virtualdevice-formes-08\obj\release\x64\cscope.obj
f:\beal_julien_sn2\_projet_2025\git\@chai3d-3.2.0_visualstudio_2015_x64-virtualdevice-formes-08\obj\release\x64\cshapecylinder.obj
f:\beal_julien_sn2\_projet_2025\git\@chai3d-3.2.0_visualstudio_2015_x64-virtualdevice-formes-08\obj\release\x64\theoraasync.obj
f:\beal_julien_sn2\_projet_2025\git\@chai3d-3.2.0_visualstudio_2015_x64-virtualdevice-formes-08\obj\release\x64\theoraworkerthread.obj
f:\beal_julien_sn2\_projet_2025\git\@chai3d-3.2.0_visualstudio_2015_x64-virtualdevice-formes-08\obj\release\x64\caudiobuffer.obj
f:\beal_julien_sn2\_projet_2025\git\@chai3d-3.2.0_visualstudio_2015_x64-virtualdevice-formes-08\obj\release\x64\cgenericdevice.obj
f:\beal_julien_sn2\_projet_2025\git\@chai3d-3.2.0_visualstudio_2015_x64-virtualdevice-formes-08\obj\release\x64\cframebuffer.obj
f:\beal_julien_sn2\_projet_2025\git\@chai3d-3.2.0_visualstudio_2015_x64-virtualdevice-formes-08\obj\release\x64\cfileimagebmp.obj
f:\beal_julien_sn2\_projet_2025\git\@chai3d-3.2.0_visualstudio_2015_x64-virtualdevice-formes-08\obj\release\x64\cfilemodelstl.obj
f:\beal_julien_sn2\_projet_2025\git\@chai3d-3.2.0_visualstudio_2015_x64-virtualdevice-formes-08\obj\release\x64\cfog.obj
f:\beal_julien_sn2\_projet_2025\git\@chai3d-3.2.0_visualstudio_2015_x64-virtualdevice-formes-08\obj\release\x64\cvideo.obj
f:\beal_julien_sn2\_projet_2025\git\@chai3d-3.2.0_visualstudio_2015_x64-virtualdevice-formes-08\obj\release\x64\cnormalmap.obj
f:\beal_julien_sn2\_projet_2025\git\@chai3d-3.2.0_visualstudio_2015_x64-virtualdevice-formes-08\obj\release\x64\cmutex.obj
f:\beal_julien_sn2\_projet_2025\git\@chai3d-3.2.0_visualstudio_2015_x64-virtualdevice-formes-08\obj\release\x64\chapticpoint.obj
f:\beal_julien_sn2\_projet_2025\git\@chai3d-3.2.0_visualstudio_2015_x64-virtualdevice-formes-08\obj\release\x64\cpanel.obj
f:\beal_julien_sn2\_projet_2025\git\@chai3d-3.2.0_visualstudio_2015_x64-virtualdevice-formes-08\obj\release\x64\cmultisegment.obj
f:\beal_julien_sn2\_projet_2025\git\@chai3d-3.2.0_visualstudio_2015_x64-virtualdevice-formes-08\obj\release\x64\cextras.obj
f:\beal_julien_sn2\_projet_2025\git\@chai3d-3.2.0_visualstudio_2015_x64-virtualdevice-formes-08\obj\release\x64\cfilemappingstructureclientbridge.obj
f:\beal_julien_sn2\_projet_2025\git\@chai3d-3.2.0_visualstudio_2015_x64-virtualdevice-formes-08\obj\release\x64\cdeltadevices.obj
f:\beal_julien_sn2\_projet_2025\git\@chai3d-3.2.0_visualstudio_2015_x64-virtualdevice-formes-08\obj\release\x64\cmycustomdevice.obj
f:\beal_julien_sn2\_projet_2025\git\@chai3d-3.2.0_visualstudio_2015_x64-virtualdevice-formes-08\obj\release\x64\cgenericeffect.obj
f:\beal_julien_sn2\_projet_2025\git\@chai3d-3.2.0_visualstudio_2015_x64-virtualdevice-formes-08\obj\release\x64\cfileimageppm.obj
f:\beal_julien_sn2\_projet_2025\git\@chai3d-3.2.0_visualstudio_2015_x64-virtualdevice-formes-08\obj\release\x64\cfilexml.obj
f:\beal_julien_sn2\_projet_2025\git\@chai3d-3.2.0_visualstudio_2015_x64-virtualdevice-formes-08\obj\release\x64\cdisplaylist.obj
f:\beal_julien_sn2\_projet_2025\git\@chai3d-3.2.0_visualstudio_2015_x64-virtualdevice-formes-08\obj\release\x64\cimage.obj
f:\beal_julien_sn2\_projet_2025\git\@chai3d-3.2.0_visualstudio_2015_x64-virtualdevice-formes-08\obj\release\x64\cgenericlight.obj
f:\beal_julien_sn2\_projet_2025\git\@chai3d-3.2.0_visualstudio_2015_x64-virtualdevice-formes-08\obj\release\x64\ctexture3d.obj
f:\beal_julien_sn2\_projet_2025\git\@chai3d-3.2.0_visualstudio_2015_x64-virtualdevice-formes-08\obj\release\x64\cfrequencycounter.obj
f:\beal_julien_sn2\_projet_2025\git\@chai3d-3.2.0_visualstudio_2015_x64-virtualdevice-formes-08\obj\release\x64\cbackground.obj
f:\beal_julien_sn2\_projet_2025\git\@chai3d-3.2.0_visualstudio_2015_x64-virtualdevice-formes-08\obj\release\x64\cviewpanel.obj
f:\beal_julien_sn2\_projet_2025\git\@chai3d-3.2.0_visualstudio_2015_x64-virtualdevice-formes-08\obj\release\x64\cshapeline.obj
f:\beal_julien_sn2\_projet_2025\git\@chai3d-3.2.0_visualstudio_2015_x64-virtualdevice-formes-08\obj\release\x64\cshapeellipsoid.obj
f:\beal_julien_sn2\_projet_2025\git\@chai3d-3.2.0_visualstudio_2015_x64-virtualdevice-formes-08\obj\release\x64\openal_audiointerface.obj
f:\beal_julien_sn2\_projet_2025\git\@chai3d-3.2.0_visualstudio_2015_x64-virtualdevice-formes-08\obj\release\x64\theorautil.obj
f:\beal_julien_sn2\_projet_2025\git\@chai3d-3.2.0_visualstudio_2015_x64-virtualdevice-formes-08\obj\release\x64\cgenericcollision.obj
f:\beal_julien_sn2\_projet_2025\git\@chai3d-3.2.0_visualstudio_2015_x64-virtualdevice-formes-08\obj\release\x64\csixensedevices.obj
f:\beal_julien_sn2\_projet_2025\git\@chai3d-3.2.0_visualstudio_2015_x64-virtualdevice-formes-08\obj\release\x64\ceffectstickslip.obj
f:\beal_julien_sn2\_projet_2025\git\@chai3d-3.2.0_visualstudio_2015_x64-virtualdevice-formes-08\obj\release\x64\cfileimagegif.obj
f:\beal_julien_sn2\_projet_2025\git\@chai3d-3.2.0_visualstudio_2015_x64-virtualdevice-formes-08\obj\release\x64\calgorithmfingerproxy.obj
f:\beal_julien_sn2\_projet_2025\git\@chai3d-3.2.0_visualstudio_2015_x64-virtualdevice-formes-08\obj\release\x64\csegmentarray.obj
f:\beal_julien_sn2\_projet_2025\git\@chai3d-3.2.0_visualstudio_2015_x64-virtualdevice-formes-08\obj\release\x64\cspotlight.obj
f:\beal_julien_sn2\_projet_2025\git\@chai3d-3.2.0_visualstudio_2015_x64-virtualdevice-formes-08\obj\release\x64\cshaderprogram.obj
f:\beal_julien_sn2\_projet_2025\git\@chai3d-3.2.0_visualstudio_2015_x64-virtualdevice-formes-08\obj\release\x64\cdial.obj
f:\beal_julien_sn2\_projet_2025\git\@chai3d-3.2.0_visualstudio_2015_x64-virtualdevice-formes-08\obj\release\x64\cmesh.obj
f:\beal_julien_sn2\_projet_2025\git\@chai3d-3.2.0_visualstudio_2015_x64-virtualdevice-formes-08\obj\release\x64\cvoxelobject.obj
f:\beal_julien_sn2\_projet_2025\git\@chai3d-3.2.0_visualstudio_2015_x64-virtualdevice-formes-08\obj\release\x64\theoraaudiopacketqueue.obj
f:\beal_julien_sn2\_projet_2025\git\@chai3d-3.2.0_visualstudio_2015_x64-virtualdevice-formes-08\obj\release\x64\theoraframequeue.obj
f:\beal_julien_sn2\_projet_2025\git\@chai3d-3.2.0_visualstudio_2015_x64-virtualdevice-formes-08\obj\release\x64\theoravideomanager.obj
f:\beal_julien_sn2\_projet_2025\git\@chai3d-3.2.0_visualstudio_2015_x64-virtualdevice-formes-08\obj\release\x64\ccollisionaabbtree.obj
f:\beal_julien_sn2\_projet_2025\git\@chai3d-3.2.0_visualstudio_2015_x64-virtualdevice-formes-08\obj\release\x64\ccamera.obj
f:\beal_julien_sn2\_projet_2025\git\@chai3d-3.2.0_visualstudio_2015_x64-virtualdevice-formes-08\obj\release\x64\cfileaudiowav.obj
f:\beal_julien_sn2\_projet_2025\git\@chai3d-3.2.0_visualstudio_2015_x64-virtualdevice-formes-08\obj\release\x64\cfilemodelobj.obj
f:\beal_julien_sn2\_projet_2025\git\@chai3d-3.2.0_visualstudio_2015_x64-virtualdevice-formes-08\obj\release\x64\cfont.obj
f:\beal_julien_sn2\_projet_2025\git\@chai3d-3.2.0_visualstudio_2015_x64-virtualdevice-formes-08\obj\release\x64\cdirectionallight.obj
f:\beal_julien_sn2\_projet_2025\git\@chai3d-3.2.0_visualstudio_2015_x64-virtualdevice-formes-08\obj\release\x64\ctexture2d.obj
f:\beal_julien_sn2\_projet_2025\git\@chai3d-3.2.0_visualstudio_2015_x64-virtualdevice-formes-08\obj\release\x64\cstring.obj
f:\beal_julien_sn2\_projet_2025\git\@chai3d-3.2.0_visualstudio_2015_x64-virtualdevice-formes-08\obj\release\x64\cgenericwidget.obj
f:\beal_julien_sn2\_projet_2025\git\@chai3d-3.2.0_visualstudio_2015_x64-virtualdevice-formes-08\obj\release\x64\cmultimesh.obj
f:\beal_julien_sn2\_projet_2025\git\@chai3d-3.2.0_visualstudio_2015_x64-virtualdevice-formes-08\obj\release\x64\cshapetorus.obj
f:\beal_julien_sn2\_projet_2025\git\@chai3d-3.2.0_visualstudio_2015_x64-virtualdevice-formes-08\obj\release\x64\pugixml.obj
f:\beal_julien_sn2\_projet_2025\git\@chai3d-3.2.0_visualstudio_2015_x64-virtualdevice-formes-08\obj\release\x64\ccollisionbrute.obj
f:\beal_julien_sn2\_projet_2025\git\@chai3d-3.2.0_visualstudio_2015_x64-virtualdevice-formes-08\obj\release\x64\cphantomdevices.obj
f:\beal_julien_sn2\_projet_2025\git\@chai3d-3.2.0_visualstudio_2015_x64-virtualdevice-formes-08\obj\release\x64\ceffectviscosity.obj
f:\beal_julien_sn2\_projet_2025\git\@chai3d-3.2.0_visualstudio_2015_x64-virtualdevice-formes-08\obj\release\x64\cfilemodel3ds.obj
f:\beal_julien_sn2\_projet_2025\git\@chai3d-3.2.0_visualstudio_2015_x64-virtualdevice-formes-08\obj\release\x64\cdraw3d.obj
f:\beal_julien_sn2\_projet_2025\git\@chai3d-3.2.0_visualstudio_2015_x64-virtualdevice-formes-08\obj\release\x64\ctrianglearray.obj
f:\beal_julien_sn2\_projet_2025\git\@chai3d-3.2.0_visualstudio_2015_x64-virtualdevice-formes-08\obj\release\x64\cmaterial.obj
f:\beal_julien_sn2\_projet_2025\git\@chai3d-3.2.0_visualstudio_2015_x64-virtualdevice-formes-08\obj\release\x64\cglobals.obj
f:\beal_julien_sn2\_projet_2025\git\@chai3d-3.2.0_visualstudio_2015_x64-virtualdevice-formes-08\obj\release\x64\ctoolcursor.obj
f:\beal_julien_sn2\_projet_2025\git\@chai3d-3.2.0_visualstudio_2015_x64-virtualdevice-formes-08\obj\release\x64\clabel.obj
f:\beal_julien_sn2\_projet_2025\git\@chai3d-3.2.0_visualstudio_2015_x64-virtualdevice-formes-08\obj\release\x64\cshapebox.obj
f:\beal_julien_sn2\_projet_2025\git\@chai3d-3.2.0_visualstudio_2015_x64-virtualdevice-formes-08\obj\release\x64\cworld.obj
f:\beal_julien_sn2\_projet_2025\git\@chai3d-3.2.0_visualstudio_2015_x64-virtualdevice-formes-08\obj\release\x64\theoraaudiointerface.obj
f:\beal_julien_sn2\_projet_2025\git\@chai3d-3.2.0_visualstudio_2015_x64-virtualdevice-formes-08\obj\release\x64\theoraexception.obj
f:\beal_julien_sn2\_projet_2025\git\@chai3d-3.2.0_visualstudio_2015_x64-virtualdevice-formes-08\obj\release\x64\theoratimer.obj
f:\beal_julien_sn2\_projet_2025\git\@chai3d-3.2.0_visualstudio_2015_x64-virtualdevice-formes-08\obj\release\x64\theoravideoclip.obj
f:\beal_julien_sn2\_projet_2025\git\@chai3d-3.2.0_visualstudio_2015_x64-virtualdevice-formes-08\obj\release\x64\caudiodevice.obj
f:\beal_julien_sn2\_projet_2025\git\@chai3d-3.2.0_visualstudio_2015_x64-virtualdevice-formes-08\obj\release\x64\cgenerichapticdevice.obj
f:\beal_julien_sn2\_projet_2025\git\@chai3d-3.2.0_visualstudio_2015_x64-virtualdevice-formes-08\obj\release\x64\ceffectvibration.obj
f:\beal_julien_sn2\_projet_2025\git\@chai3d-3.2.0_visualstudio_2015_x64-virtualdevice-formes-08\obj\release\x64\cfileimagepng.obj
f:\beal_julien_sn2\_projet_2025\git\@chai3d-3.2.0_visualstudio_2015_x64-virtualdevice-formes-08\obj\release\x64\calgorithmpotentialfield.obj
f:\beal_julien_sn2\_projet_2025\git\@chai3d-3.2.0_visualstudio_2015_x64-virtualdevice-formes-08\obj\release\x64\cpointarray.obj
f:\beal_julien_sn2\_projet_2025\git\@chai3d-3.2.0_visualstudio_2015_x64-virtualdevice-formes-08\obj\release\x64\cshadowmap.obj
f:\beal_julien_sn2\_projet_2025\git\@chai3d-3.2.0_visualstudio_2015_x64-virtualdevice-formes-08\obj\release\x64\cshader.obj
f:\beal_julien_sn2\_projet_2025\git\@chai3d-3.2.0_visualstudio_2015_x64-virtualdevice-formes-08\obj\release\x64\cprecisionclock.obj
f:\beal_julien_sn2\_projet_2025\git\@chai3d-3.2.0_visualstudio_2015_x64-virtualdevice-formes-08\obj\release\x64\cbitmap.obj
f:\beal_julien_sn2\_projet_2025\git\@chai3d-3.2.0_visualstudio_2015_x64-virtualdevice-formes-08\obj\release\x64\cgenericobject.obj
f:\beal_julien_sn2\_projet_2025\git\@chai3d-3.2.0_visualstudio_2015_x64-virtualdevice-formes-08\obj\release\x64\cshapesphere.obj
f:\beal_julien_sn2\_projet_2025\git\@chai3d-3.2.0_visualstudio_2015_x64-virtualdevice-formes-08\obj\release\x64\cfilemappingstructureserveurbridge.obj
f:\beal_julien_sn2\_projet_2025\git\@chai3d-3.2.0_visualstudio_2015_x64-virtualdevice-formes-08\obj\release\x64\theoravideoframe.obj
f:\beal_julien_sn2\_projet_2025\git\@chai3d-3.2.0_visualstudio_2015_x64-virtualdevice-formes-08\obj\release\x64\caudiosource.obj
f:\beal_julien_sn2\_projet_2025\git\@chai3d-3.2.0_visualstudio_2015_x64-virtualdevice-formes-08\obj\release\x64\chapticdevicehandler.obj
f:\beal_julien_sn2\_projet_2025\git\@chai3d-3.2.0_visualstudio_2015_x64-virtualdevice-formes-08\obj\release\x64\ceffectsurface.obj
f:\beal_julien_sn2\_projet_2025\git\@chai3d-3.2.0_visualstudio_2015_x64-virtualdevice-formes-08\obj\release\x64\cfileimagejpg.obj
f:\beal_julien_sn2\_projet_2025\git\@chai3d-3.2.0_visualstudio_2015_x64-virtualdevice-formes-08\obj\release\x64\ccolor.obj
f:\beal_julien_sn2\_projet_2025\git\@chai3d-3.2.0_visualstudio_2015_x64-virtualdevice-formes-08\obj\release\x64\cmultiimage.obj
f:\beal_julien_sn2\_projet_2025\git\@chai3d-3.2.0_visualstudio_2015_x64-virtualdevice-formes-08\obj\release\x64\cpositionallight.obj
f:\beal_julien_sn2\_projet_2025\git\@chai3d-3.2.0_visualstudio_2015_x64-virtualdevice-formes-08\obj\release\x64\ctexturevideo.obj
f:\beal_julien_sn2\_projet_2025\git\@chai3d-3.2.0_visualstudio_2015_x64-virtualdevice-formes-08\obj\release\x64\cgenerictool.obj
f:\beal_julien_sn2\_projet_2025\git\@chai3d-3.2.0_visualstudio_2015_x64-virtualdevice-formes-08\obj\release\x64\clevel.obj
f:\beal_julien_sn2\_projet_2025\git\@chai3d-3.2.0_visualstudio_2015_x64-virtualdevice-formes-08\obj\release\x64\cmultipoint.obj
f:\beal_julien_sn2\_projet_2025\git\@chai3d-3.2.0_visualstudio_2015_x64-virtualdevice-formes-08\obj\release\x64\cvirtualdevice.obj
f:\beal_julien_sn2\_projet_2025\git\@chai3d-3.2.0_visualstudio_2015_x64-virtualdevice-formes-08\obj\release\x64\dev2gif.obj
f:\beal_julien_sn2\_projet_2025\git\@chai3d-3.2.0_visualstudio_2015_x64-virtualdevice-formes-08\obj\release\x64\quantize.obj
f:\beal_julien_sn2\_projet_2025\git\@chai3d-3.2.0_visualstudio_2015_x64-virtualdevice-formes-08\obj\release\x64\lib3ds_material.obj
f:\beal_julien_sn2\_projet_2025\git\@chai3d-3.2.0_visualstudio_2015_x64-virtualdevice-formes-08\obj\release\x64\lib3ds_quat.obj
f:\beal_julien_sn2\_projet_2025\git\@chai3d-3.2.0_visualstudio_2015_x64-virtualdevice-formes-08\obj\release\x64\lib3ds_util.obj
f:\beal_julien_sn2\_projet_2025\git\@chai3d-3.2.0_visualstudio_2015_x64-virtualdevice-formes-08\obj\release\x64\jccoefct.obj
f:\beal_julien_sn2\_projet_2025\git\@chai3d-3.2.0_visualstudio_2015_x64-virtualdevice-formes-08\obj\release\x64\jcomapi.obj
f:\beal_julien_sn2\_projet_2025\git\@chai3d-3.2.0_visualstudio_2015_x64-virtualdevice-formes-08\obj\release\x64\jdapimin.obj
f:\beal_julien_sn2\_projet_2025\git\@chai3d-3.2.0_visualstudio_2015_x64-virtualdevice-formes-08\obj\release\x64\jdatasrc.obj
f:\beal_julien_sn2\_projet_2025\git\@chai3d-3.2.0_visualstudio_2015_x64-virtualdevice-formes-08\obj\release\x64\jdmainct.obj
f:\beal_julien_sn2\_projet_2025\git\@chai3d-3.2.0_visualstudio_2015_x64-virtualdevice-formes-08\obj\release\x64\jdpostct.obj
f:\beal_julien_sn2\_projet_2025\git\@chai3d-3.2.0_visualstudio_2015_x64-virtualdevice-formes-08\obj\release\x64\jfdctint.obj
f:\beal_julien_sn2\_projet_2025\git\@chai3d-3.2.0_visualstudio_2015_x64-virtualdevice-formes-08\obj\release\x64\inftrees.obj
f:\beal_julien_sn2\_projet_2025\git\@chai3d-3.2.0_visualstudio_2015_x64-virtualdevice-formes-08\obj\release\x64\pngmem.obj
f:\beal_julien_sn2\_projet_2025\git\@chai3d-3.2.0_visualstudio_2015_x64-virtualdevice-formes-08\obj\release\x64\pngtrans.obj
f:\beal_julien_sn2\_projet_2025\git\@chai3d-3.2.0_visualstudio_2015_x64-virtualdevice-formes-08\obj\release\x64\alcconfig.obj
f:\beal_julien_sn2\_projet_2025\git\@chai3d-3.2.0_visualstudio_2015_x64-virtualdevice-formes-08\obj\release\x64\winmm.obj
f:\beal_julien_sn2\_projet_2025\git\@chai3d-3.2.0_visualstudio_2015_x64-virtualdevice-formes-08\obj\release\x64\panning.obj
f:\beal_julien_sn2\_projet_2025\git\@chai3d-3.2.0_visualstudio_2015_x64-virtualdevice-formes-08\obj\release\x64\allistener.obj
f:\beal_julien_sn2\_projet_2025\git\@chai3d-3.2.0_visualstudio_2015_x64-virtualdevice-formes-08\obj\release\x64\apiwrapper.obj
f:\beal_julien_sn2\_projet_2025\git\@chai3d-3.2.0_visualstudio_2015_x64-virtualdevice-formes-08\obj\release\x64\collect.obj
f:\beal_julien_sn2\_projet_2025\git\@chai3d-3.2.0_visualstudio_2015_x64-virtualdevice-formes-08\obj\release\x64\decinfo.obj
f:\beal_julien_sn2\_projet_2025\git\@chai3d-3.2.0_visualstudio_2015_x64-virtualdevice-formes-08\obj\release\x64\encfrag.obj
f:\beal_julien_sn2\_projet_2025\git\@chai3d-3.2.0_visualstudio_2015_x64-virtualdevice-formes-08\obj\release\x64\fdct.obj
f:\beal_julien_sn2\_projet_2025\git\@chai3d-3.2.0_visualstudio_2015_x64-virtualdevice-formes-08\obj\release\x64\idct.obj
f:\beal_julien_sn2\_projet_2025\git\@chai3d-3.2.0_visualstudio_2015_x64-virtualdevice-formes-08\obj\release\x64\mcenc.obj
f:\beal_julien_sn2\_projet_2025\git\@chai3d-3.2.0_visualstudio_2015_x64-virtualdevice-formes-08\obj\release\x64\envelope.obj
f:\beal_julien_sn2\_projet_2025\git\@chai3d-3.2.0_visualstudio_2015_x64-virtualdevice-formes-08\obj\release\x64\res0.obj
f:\beal_julien_sn2\_projet_2025\git\@chai3d-3.2.0_visualstudio_2015_x64-virtualdevice-formes-08\obj\release\x64\yuv420_grey_c.obj
f:\beal_julien_sn2\_projet_2025\git\@chai3d-3.2.0_visualstudio_2015_x64-virtualdevice-formes-08\obj\release\x64\yuv_util.obj
f:\beal_julien_sn2\_projet_2025\git\@chai3d-3.2.0_visualstudio_2015_x64-virtualdevice-formes-08\obj\release\x64\gifalloc.obj
f:\beal_julien_sn2\_projet_2025\git\@chai3d-3.2.0_visualstudio_2015_x64-virtualdevice-formes-08\obj\release\x64\lib3ds_atmosphere.obj
f:\beal_julien_sn2\_projet_2025\git\@chai3d-3.2.0_visualstudio_2015_x64-virtualdevice-formes-08\obj\release\x64\lib3ds_file.obj
f:\beal_julien_sn2\_projet_2025\git\@chai3d-3.2.0_visualstudio_2015_x64-virtualdevice-formes-08\obj\release\x64\lib3ds_vector.obj
f:\beal_julien_sn2\_projet_2025\git\@chai3d-3.2.0_visualstudio_2015_x64-virtualdevice-formes-08\obj\release\x64\jcdctmgr.obj
f:\beal_julien_sn2\_projet_2025\git\@chai3d-3.2.0_visualstudio_2015_x64-virtualdevice-formes-08\obj\release\x64\jdarith.obj
f:\beal_julien_sn2\_projet_2025\git\@chai3d-3.2.0_visualstudio_2015_x64-virtualdevice-formes-08\obj\release\x64\jdmaster.obj
f:\beal_julien_sn2\_projet_2025\git\@chai3d-3.2.0_visualstudio_2015_x64-virtualdevice-formes-08\obj\release\x64\jidctflt.obj
f:\beal_julien_sn2\_projet_2025\git\@chai3d-3.2.0_visualstudio_2015_x64-virtualdevice-formes-08\obj\release\x64\jquant2.obj
f:\beal_julien_sn2\_projet_2025\git\@chai3d-3.2.0_visualstudio_2015_x64-virtualdevice-formes-08\obj\release\x64\gzclose.obj
f:\beal_julien_sn2\_projet_2025\git\@chai3d-3.2.0_visualstudio_2015_x64-virtualdevice-formes-08\obj\release\x64\gzwrite.obj
f:\beal_julien_sn2\_projet_2025\git\@chai3d-3.2.0_visualstudio_2015_x64-virtualdevice-formes-08\obj\release\x64\png.obj
f:\beal_julien_sn2\_projet_2025\git\@chai3d-3.2.0_visualstudio_2015_x64-virtualdevice-formes-08\obj\release\x64\pngset.obj
f:\beal_julien_sn2\_projet_2025\git\@chai3d-3.2.0_visualstudio_2015_x64-virtualdevice-formes-08\obj\release\x64\pngwutil.obj
f:\beal_julien_sn2\_projet_2025\git\@chai3d-3.2.0_visualstudio_2015_x64-virtualdevice-formes-08\obj\release\x64\null.obj
f:\beal_julien_sn2\_projet_2025\git\@chai3d-3.2.0_visualstudio_2015_x64-virtualdevice-formes-08\obj\release\x64\mixer_c.obj
f:\beal_julien_sn2\_projet_2025\git\@chai3d-3.2.0_visualstudio_2015_x64-virtualdevice-formes-08\obj\release\x64\alerror.obj
f:\beal_julien_sn2\_projet_2025\git\@chai3d-3.2.0_visualstudio_2015_x64-virtualdevice-formes-08\obj\release\x64\althunk.obj
f:\beal_julien_sn2\_projet_2025\git\@chai3d-3.2.0_visualstudio_2015_x64-virtualdevice-formes-08\obj\release\x64\encapiwrapper.obj
f:\beal_julien_sn2\_projet_2025\git\@chai3d-3.2.0_visualstudio_2015_x64-virtualdevice-formes-08\obj\release\x64\enquant.obj
f:\beal_julien_sn2\_projet_2025\git\@chai3d-3.2.0_visualstudio_2015_x64-virtualdevice-formes-08\obj\release\x64\mmxencfrag.obj
f:\beal_julien_sn2\_projet_2025\git\@chai3d-3.2.0_visualstudio_2015_x64-virtualdevice-formes-08\obj\release\x64\mmxfrag.obj
f:\beal_julien_sn2\_projet_2025\git\@chai3d-3.2.0_visualstudio_2015_x64-virtualdevice-formes-08\obj\release\x64\x86enc.obj
f:\beal_julien_sn2\_projet_2025\git\@chai3d-3.2.0_visualstudio_2015_x64-virtualdevice-formes-08\obj\release\x64\block.obj
f:\beal_julien_sn2\_projet_2025\git\@chai3d-3.2.0_visualstudio_2015_x64-virtualdevice-formes-08\obj\release\x64\psy.obj
f:\beal_julien_sn2\_projet_2025\git\@chai3d-3.2.0_visualstudio_2015_x64-virtualdevice-formes-08\obj\release\x64\gif_hash.obj
f:\beal_julien_sn2\_projet_2025\git\@chai3d-3.2.0_visualstudio_2015_x64-virtualdevice-formes-08\obj\release\x64\lib3ds_background.obj
f:\beal_julien_sn2\_projet_2025\git\@chai3d-3.2.0_visualstudio_2015_x64-virtualdevice-formes-08\obj\release\x64\lib3ds_light.obj
f:\beal_julien_sn2\_projet_2025\git\@chai3d-3.2.0_visualstudio_2015_x64-virtualdevice-formes-08\obj\release\x64\lib3ds_node.obj
f:\beal_julien_sn2\_projet_2025\git\@chai3d-3.2.0_visualstudio_2015_x64-virtualdevice-formes-08\obj\release\x64\jaricom.obj
f:\beal_julien_sn2\_projet_2025\git\@chai3d-3.2.0_visualstudio_2015_x64-virtualdevice-formes-08\obj\release\x64\jchuff.obj
f:\beal_julien_sn2\_projet_2025\git\@chai3d-3.2.0_visualstudio_2015_x64-virtualdevice-formes-08\obj\release\x64\jctrans.obj
f:\beal_julien_sn2\_projet_2025\git\@chai3d-3.2.0_visualstudio_2015_x64-virtualdevice-formes-08\obj\release\x64\jdcoefct.obj
f:\beal_julien_sn2\_projet_2025\git\@chai3d-3.2.0_visualstudio_2015_x64-virtualdevice-formes-08\obj\release\x64\jdsample.obj
f:\beal_julien_sn2\_projet_2025\git\@chai3d-3.2.0_visualstudio_2015_x64-virtualdevice-formes-08\obj\release\x64\jidctfst.obj
f:\beal_julien_sn2\_projet_2025\git\@chai3d-3.2.0_visualstudio_2015_x64-virtualdevice-formes-08\obj\release\x64\jutils.obj
f:\beal_julien_sn2\_projet_2025\git\@chai3d-3.2.0_visualstudio_2015_x64-virtualdevice-formes-08\obj\release\x64\deflate.obj
f:\beal_julien_sn2\_projet_2025\git\@chai3d-3.2.0_visualstudio_2015_x64-virtualdevice-formes-08\obj\release\x64\pngerror.obj
f:\beal_julien_sn2\_projet_2025\git\@chai3d-3.2.0_visualstudio_2015_x64-virtualdevice-formes-08\obj\release\x64\pngrutil.obj
f:\beal_julien_sn2\_projet_2025\git\@chai3d-3.2.0_visualstudio_2015_x64-virtualdevice-formes-08\obj\release\x64\zutil.obj
f:\beal_julien_sn2\_projet_2025\git\@chai3d-3.2.0_visualstudio_2015_x64-virtualdevice-formes-08\obj\release\x64\alcecho.obj
f:\beal_julien_sn2\_projet_2025\git\@chai3d-3.2.0_visualstudio_2015_x64-virtualdevice-formes-08\obj\release\x64\alcthread.obj
f:\beal_julien_sn2\_projet_2025\git\@chai3d-3.2.0_visualstudio_2015_x64-virtualdevice-formes-08\obj\release\x64\wave.obj
f:\beal_julien_sn2\_projet_2025\git\@chai3d-3.2.0_visualstudio_2015_x64-virtualdevice-formes-08\obj\release\x64\mixer_sse.obj
f:\beal_julien_sn2\_projet_2025\git\@chai3d-3.2.0_visualstudio_2015_x64-virtualdevice-formes-08\obj\release\x64\alextension.obj
f:\beal_julien_sn2\_projet_2025\git\@chai3d-3.2.0_visualstudio_2015_x64-virtualdevice-formes-08\obj\release\x64\bitwise.obj
f:\beal_julien_sn2\_projet_2025\git\@chai3d-3.2.0_visualstudio_2015_x64-virtualdevice-formes-08\obj\release\x64\analyze.obj
f:\beal_julien_sn2\_projet_2025\git\@chai3d-3.2.0_visualstudio_2015_x64-virtualdevice-formes-08\obj\release\x64\state.obj
f:\beal_julien_sn2\_projet_2025\git\@chai3d-3.2.0_visualstudio_2015_x64-virtualdevice-formes-08\obj\release\x64\mmxstate.obj
f:\beal_julien_sn2\_projet_2025\git\@chai3d-3.2.0_visualstudio_2015_x64-virtualdevice-formes-08\obj\release\x64\x86cpu.obj
f:\beal_julien_sn2\_projet_2025\git\@chai3d-3.2.0_visualstudio_2015_x64-virtualdevice-formes-08\obj\release\x64\bitrate.obj
f:\beal_julien_sn2\_projet_2025\git\@chai3d-3.2.0_visualstudio_2015_x64-virtualdevice-formes-08\obj\release\x64\lookup.obj
f:\beal_julien_sn2\_projet_2025\git\@chai3d-3.2.0_visualstudio_2015_x64-virtualdevice-formes-08\obj\release\x64\lsp.obj
f:\beal_julien_sn2\_projet_2025\git\@chai3d-3.2.0_visualstudio_2015_x64-virtualdevice-formes-08\obj\release\x64\smallft.obj
f:\beal_julien_sn2\_projet_2025\git\@chai3d-3.2.0_visualstudio_2015_x64-virtualdevice-formes-08\obj\release\x64\dgif_lib.obj
f:\beal_julien_sn2\_projet_2025\git\@chai3d-3.2.0_visualstudio_2015_x64-virtualdevice-formes-08\obj\release\x64\lib3ds_chunk.obj
f:\beal_julien_sn2\_projet_2025\git\@chai3d-3.2.0_visualstudio_2015_x64-virtualdevice-formes-08\obj\release\x64\lib3ds_mesh.obj
f:\beal_julien_sn2\_projet_2025\git\@chai3d-3.2.0_visualstudio_2015_x64-virtualdevice-formes-08\obj\release\x64\jcapistd.obj
f:\beal_julien_sn2\_projet_2025\git\@chai3d-3.2.0_visualstudio_2015_x64-virtualdevice-formes-08\obj\release\x64\jccolor.obj
f:\beal_julien_sn2\_projet_2025\git\@chai3d-3.2.0_visualstudio_2015_x64-virtualdevice-formes-08\obj\release\x64\jcparam.obj
f:\beal_julien_sn2\_projet_2025\git\@chai3d-3.2.0_visualstudio_2015_x64-virtualdevice-formes-08\obj\release\x64\jdhuff.obj
f:\beal_julien_sn2\_projet_2025\git\@chai3d-3.2.0_visualstudio_2015_x64-virtualdevice-formes-08\obj\release\x64\jfdctflt.obj
f:\beal_julien_sn2\_projet_2025\git\@chai3d-3.2.0_visualstudio_2015_x64-virtualdevice-formes-08\obj\release\x64\jmemmgr.obj
f:\beal_julien_sn2\_projet_2025\git\@chai3d-3.2.0_visualstudio_2015_x64-virtualdevice-formes-08\obj\release\x64\compress.obj
f:\beal_julien_sn2\_projet_2025\git\@chai3d-3.2.0_visualstudio_2015_x64-virtualdevice-formes-08\obj\release\x64\gzlib.obj
f:\beal_julien_sn2\_projet_2025\git\@chai3d-3.2.0_visualstudio_2015_x64-virtualdevice-formes-08\obj\release\x64\inffast.obj
f:\beal_julien_sn2\_projet_2025\git\@chai3d-3.2.0_visualstudio_2015_x64-virtualdevice-formes-08\obj\release\x64\pngget.obj
f:\beal_julien_sn2\_projet_2025\git\@chai3d-3.2.0_visualstudio_2015_x64-virtualdevice-formes-08\obj\release\x64\pngrtran.obj
f:\beal_julien_sn2\_projet_2025\git\@chai3d-3.2.0_visualstudio_2015_x64-virtualdevice-formes-08\obj\release\x64\alcreverb.obj
f:\beal_julien_sn2\_projet_2025\git\@chai3d-3.2.0_visualstudio_2015_x64-virtualdevice-formes-08\obj\release\x64\loopback.obj
f:\beal_julien_sn2\_projet_2025\git\@chai3d-3.2.0_visualstudio_2015_x64-virtualdevice-formes-08\obj\release\x64\bs2b.obj
f:\beal_julien_sn2\_projet_2025\git\@chai3d-3.2.0_visualstudio_2015_x64-virtualdevice-formes-08\obj\release\x64\helpers.obj
f:\beal_julien_sn2\_projet_2025\git\@chai3d-3.2.0_visualstudio_2015_x64-virtualdevice-formes-08\obj\release\x64\albuffer.obj
f:\beal_julien_sn2\_projet_2025\git\@chai3d-3.2.0_visualstudio_2015_x64-virtualdevice-formes-08\obj\release\x64\encoder_disabled.obj
f:\beal_julien_sn2\_projet_2025\git\@chai3d-3.2.0_visualstudio_2015_x64-virtualdevice-formes-08\obj\release\x64\huffdec.obj
f:\beal_julien_sn2\_projet_2025\git\@chai3d-3.2.0_visualstudio_2015_x64-virtualdevice-formes-08\obj\release\x64\mathops.obj
f:\beal_julien_sn2\_projet_2025\git\@chai3d-3.2.0_visualstudio_2015_x64-virtualdevice-formes-08\obj\release\x64\mmxfdct.obj
f:\beal_julien_sn2\_projet_2025\git\@chai3d-3.2.0_visualstudio_2015_x64-virtualdevice-formes-08\obj\release\x64\mmxidct.obj
f:\beal_julien_sn2\_projet_2025\git\@chai3d-3.2.0_visualstudio_2015_x64-virtualdevice-formes-08\obj\release\x64\x86state.obj
f:\beal_julien_sn2\_projet_2025\git\@chai3d-3.2.0_visualstudio_2015_x64-virtualdevice-formes-08\obj\release\x64\codebook.obj
f:\beal_julien_sn2\_projet_2025\git\@chai3d-3.2.0_visualstudio_2015_x64-virtualdevice-formes-08\obj\release\x64\lpc.obj
f:\beal_julien_sn2\_projet_2025\git\@chai3d-3.2.0_visualstudio_2015_x64-virtualdevice-formes-08\obj\release\x64\registry.obj
f:\beal_julien_sn2\_projet_2025\git\@chai3d-3.2.0_visualstudio_2015_x64-virtualdevice-formes-08\obj\release\x64\sharedbook.obj
f:\beal_julien_sn2\_projet_2025\git\@chai3d-3.2.0_visualstudio_2015_x64-virtualdevice-formes-08\obj\release\x64\yuv420_rgb_c.obj
f:\beal_julien_sn2\_projet_2025\git\@chai3d-3.2.0_visualstudio_2015_x64-virtualdevice-formes-08\obj\release\x64\getarg.obj
f:\beal_julien_sn2\_projet_2025\git\@chai3d-3.2.0_visualstudio_2015_x64-virtualdevice-formes-08\obj\release\x64\lib3ds_math.obj
f:\beal_julien_sn2\_projet_2025\git\@chai3d-3.2.0_visualstudio_2015_x64-virtualdevice-formes-08\obj\release\x64\lib3ds_track.obj
f:\beal_julien_sn2\_projet_2025\git\@chai3d-3.2.0_visualstudio_2015_x64-virtualdevice-formes-08\obj\release\x64\jcarith.obj
f:\beal_julien_sn2\_projet_2025\git\@chai3d-3.2.0_visualstudio_2015_x64-virtualdevice-formes-08\obj\release\x64\jcprepct.obj
f:\beal_julien_sn2\_projet_2025\git\@chai3d-3.2.0_visualstudio_2015_x64-virtualdevice-formes-08\obj\release\x64\jdatadst.obj
f:\beal_julien_sn2\_projet_2025\git\@chai3d-3.2.0_visualstudio_2015_x64-virtualdevice-formes-08\obj\release\x64\jdinput.obj
f:\beal_julien_sn2\_projet_2025\git\@chai3d-3.2.0_visualstudio_2015_x64-virtualdevice-formes-08\obj\release\x64\jdmerge.obj
f:\beal_julien_sn2\_projet_2025\git\@chai3d-3.2.0_visualstudio_2015_x64-virtualdevice-formes-08\obj\release\x64\jfdctfst.obj
f:\beal_julien_sn2\_projet_2025\git\@chai3d-3.2.0_visualstudio_2015_x64-virtualdevice-formes-08\obj\release\x64\jquant1.obj
f:\beal_julien_sn2\_projet_2025\git\@chai3d-3.2.0_visualstudio_2015_x64-virtualdevice-formes-08\obj\release\x64\crc32.obj
f:\beal_julien_sn2\_projet_2025\git\@chai3d-3.2.0_visualstudio_2015_x64-virtualdevice-formes-08\obj\release\x64\gzread.obj
f:\beal_julien_sn2\_projet_2025\git\@chai3d-3.2.0_visualstudio_2015_x64-virtualdevice-formes-08\obj\release\x64\inflate.obj
f:\beal_julien_sn2\_projet_2025\git\@chai3d-3.2.0_visualstudio_2015_x64-virtualdevice-formes-08\obj\release\x64\pngrio.obj
f:\beal_julien_sn2\_projet_2025\git\@chai3d-3.2.0_visualstudio_2015_x64-virtualdevice-formes-08\obj\release\x64\pngwtran.obj
f:\beal_julien_sn2\_projet_2025\git\@chai3d-3.2.0_visualstudio_2015_x64-virtualdevice-formes-08\obj\release\x64\alcmodulator.obj
f:\beal_julien_sn2\_projet_2025\git\@chai3d-3.2.0_visualstudio_2015_x64-virtualdevice-formes-08\obj\release\x64\dsound.obj
f:\beal_julien_sn2\_projet_2025\git\@chai3d-3.2.0_visualstudio_2015_x64-virtualdevice-formes-08\obj\release\x64\hrtf.obj
f:\beal_julien_sn2\_projet_2025\git\@chai3d-3.2.0_visualstudio_2015_x64-virtualdevice-formes-08\obj\release\x64\alfilter.obj
f:\beal_julien_sn2\_projet_2025\git\@chai3d-3.2.0_visualstudio_2015_x64-virtualdevice-formes-08\obj\release\x64\framing.obj
f:\beal_julien_sn2\_projet_2025\git\@chai3d-3.2.0_visualstudio_2015_x64-virtualdevice-formes-08\obj\release\x64\bitpack.obj
f:\beal_julien_sn2\_projet_2025\git\@chai3d-3.2.0_visualstudio_2015_x64-virtualdevice-formes-08\obj\release\x64\decode.obj
f:\beal_julien_sn2\_projet_2025\git\@chai3d-3.2.0_visualstudio_2015_x64-virtualdevice-formes-08\obj\release\x64\internal.obj
f:\beal_julien_sn2\_projet_2025\git\@chai3d-3.2.0_visualstudio_2015_x64-virtualdevice-formes-08\obj\release\x64\quant.obj
f:\beal_julien_sn2\_projet_2025\git\@chai3d-3.2.0_visualstudio_2015_x64-virtualdevice-formes-08\obj\release\x64\info.obj
f:\beal_julien_sn2\_projet_2025\git\@chai3d-3.2.0_visualstudio_2015_x64-virtualdevice-formes-08\obj\release\x64\mdct.obj
f:\beal_julien_sn2\_projet_2025\git\@chai3d-3.2.0_visualstudio_2015_x64-virtualdevice-formes-08\obj\release\x64\vorbisfile.obj
f:\beal_julien_sn2\_projet_2025\git\@chai3d-3.2.0_visualstudio_2015_x64-virtualdevice-formes-08\obj\release\x64\egif_lib.obj
f:\beal_julien_sn2\_projet_2025\git\@chai3d-3.2.0_visualstudio_2015_x64-virtualdevice-formes-08\obj\release\x64\lib3ds_chunktable.obj
f:\beal_julien_sn2\_projet_2025\git\@chai3d-3.2.0_visualstudio_2015_x64-virtualdevice-formes-08\obj\release\x64\lib3ds_matrix.obj
f:\beal_julien_sn2\_projet_2025\git\@chai3d-3.2.0_visualstudio_2015_x64-virtualdevice-formes-08\obj\release\x64\jcapimin.obj
f:\beal_julien_sn2\_projet_2025\git\@chai3d-3.2.0_visualstudio_2015_x64-virtualdevice-formes-08\obj\release\x64\jcmainct.obj
f:\beal_julien_sn2\_projet_2025\git\@chai3d-3.2.0_visualstudio_2015_x64-virtualdevice-formes-08\obj\release\x64\jcmaster.obj
f:\beal_julien_sn2\_projet_2025\git\@chai3d-3.2.0_visualstudio_2015_x64-virtualdevice-formes-08\obj\release\x64\jcsample.obj
f:\beal_julien_sn2\_projet_2025\git\@chai3d-3.2.0_visualstudio_2015_x64-virtualdevice-formes-08\obj\release\x64\jdcolor.obj
f:\beal_julien_sn2\_projet_2025\git\@chai3d-3.2.0_visualstudio_2015_x64-virtualdevice-formes-08\obj\release\x64\jdmarker.obj
f:\beal_julien_sn2\_projet_2025\git\@chai3d-3.2.0_visualstudio_2015_x64-virtualdevice-formes-08\obj\release\x64\jdtrans.obj
f:\beal_julien_sn2\_projet_2025\git\@chai3d-3.2.0_visualstudio_2015_x64-virtualdevice-formes-08\obj\release\x64\jidctint.obj
f:\beal_julien_sn2\_projet_2025\git\@chai3d-3.2.0_visualstudio_2015_x64-virtualdevice-formes-08\obj\release\x64\pngpread.obj
f:\beal_julien_sn2\_projet_2025\git\@chai3d-3.2.0_visualstudio_2015_x64-virtualdevice-formes-08\obj\release\x64\pngwio.obj
f:\beal_julien_sn2\_projet_2025\git\@chai3d-3.2.0_visualstudio_2015_x64-virtualdevice-formes-08\obj\release\x64\trees.obj
f:\beal_julien_sn2\_projet_2025\git\@chai3d-3.2.0_visualstudio_2015_x64-virtualdevice-formes-08\obj\release\x64\uncompr.obj
f:\beal_julien_sn2\_projet_2025\git\@chai3d-3.2.0_visualstudio_2015_x64-virtualdevice-formes-08\obj\release\x64\alcdedicated.obj
f:\beal_julien_sn2\_projet_2025\git\@chai3d-3.2.0_visualstudio_2015_x64-virtualdevice-formes-08\obj\release\x64\alcring.obj
f:\beal_julien_sn2\_projet_2025\git\@chai3d-3.2.0_visualstudio_2015_x64-virtualdevice-formes-08\obj\release\x64\mmdevapi.obj
f:\beal_julien_sn2\_projet_2025\git\@chai3d-3.2.0_visualstudio_2015_x64-virtualdevice-formes-08\obj\release\x64\alauxeffectslot.obj
f:\beal_julien_sn2\_projet_2025\git\@chai3d-3.2.0_visualstudio_2015_x64-virtualdevice-formes-08\obj\release\x64\alsource.obj
f:\beal_julien_sn2\_projet_2025\git\@chai3d-3.2.0_visualstudio_2015_x64-virtualdevice-formes-08\obj\release\x64\decapiwrapper.obj
f:\beal_julien_sn2\_projet_2025\git\@chai3d-3.2.0_visualstudio_2015_x64-virtualdevice-formes-08\obj\release\x64\encinfo.obj
f:\beal_julien_sn2\_projet_2025\git\@chai3d-3.2.0_visualstudio_2015_x64-virtualdevice-formes-08\obj\release\x64\fragment.obj
f:\beal_julien_sn2\_projet_2025\git\@chai3d-3.2.0_visualstudio_2015_x64-virtualdevice-formes-08\obj\release\x64\huffenc.obj
f:\beal_julien_sn2\_projet_2025\git\@chai3d-3.2.0_visualstudio_2015_x64-virtualdevice-formes-08\obj\release\x64\tokenize.obj
f:\beal_julien_sn2\_projet_2025\git\@chai3d-3.2.0_visualstudio_2015_x64-virtualdevice-formes-08\obj\release\x64\analysis.obj
f:\beal_julien_sn2\_projet_2025\git\@chai3d-3.2.0_visualstudio_2015_x64-virtualdevice-formes-08\obj\release\x64\floor1.obj
f:\beal_julien_sn2\_projet_2025\git\@chai3d-3.2.0_visualstudio_2015_x64-virtualdevice-formes-08\obj\release\x64\synthesis.obj
f:\beal_julien_sn2\_projet_2025\git\@chai3d-3.2.0_visualstudio_2015_x64-virtualdevice-formes-08\obj\release\x64\vorbisenc.obj
f:\beal_julien_sn2\_projet_2025\git\@chai3d-3.2.0_visualstudio_2015_x64-virtualdevice-formes-08\obj\release\x64\gif_font.obj
f:\beal_julien_sn2\_projet_2025\git\@chai3d-3.2.0_visualstudio_2015_x64-virtualdevice-formes-08\obj\release\x64\glew.obj
f:\beal_julien_sn2\_projet_2025\git\@chai3d-3.2.0_visualstudio_2015_x64-virtualdevice-formes-08\obj\release\x64\gif_err.obj
f:\beal_julien_sn2\_projet_2025\git\@chai3d-3.2.0_visualstudio_2015_x64-virtualdevice-formes-08\obj\release\x64\qprintf.obj
f:\beal_julien_sn2\_projet_2025\git\@chai3d-3.2.0_visualstudio_2015_x64-virtualdevice-formes-08\obj\release\x64\lib3ds_camera.obj
f:\beal_julien_sn2\_projet_2025\git\@chai3d-3.2.0_visualstudio_2015_x64-virtualdevice-formes-08\obj\release\x64\lib3ds_io.obj
f:\beal_julien_sn2\_projet_2025\git\@chai3d-3.2.0_visualstudio_2015_x64-virtualdevice-formes-08\obj\release\x64\lib3ds_shadow.obj
f:\beal_julien_sn2\_projet_2025\git\@chai3d-3.2.0_visualstudio_2015_x64-virtualdevice-formes-08\obj\release\x64\lib3ds_viewport.obj
f:\beal_julien_sn2\_projet_2025\git\@chai3d-3.2.0_visualstudio_2015_x64-virtualdevice-formes-08\obj\release\x64\jcinit.obj
f:\beal_julien_sn2\_projet_2025\git\@chai3d-3.2.0_visualstudio_2015_x64-virtualdevice-formes-08\obj\release\x64\jcmarker.obj
f:\beal_julien_sn2\_projet_2025\git\@chai3d-3.2.0_visualstudio_2015_x64-virtualdevice-formes-08\obj\release\x64\jdapistd.obj
f:\beal_julien_sn2\_projet_2025\git\@chai3d-3.2.0_visualstudio_2015_x64-virtualdevice-formes-08\obj\release\x64\jddctmgr.obj
f:\beal_julien_sn2\_projet_2025\git\@chai3d-3.2.0_visualstudio_2015_x64-virtualdevice-formes-08\obj\release\x64\jerror.obj
f:\beal_julien_sn2\_projet_2025\git\@chai3d-3.2.0_visualstudio_2015_x64-virtualdevice-formes-08\obj\release\x64\jmemansi.obj
f:\beal_julien_sn2\_projet_2025\git\@chai3d-3.2.0_visualstudio_2015_x64-virtualdevice-formes-08\obj\release\x64\jmemnobs.obj
f:\beal_julien_sn2\_projet_2025\git\@chai3d-3.2.0_visualstudio_2015_x64-virtualdevice-formes-08\obj\release\x64\adler32.obj
f:\beal_julien_sn2\_projet_2025\git\@chai3d-3.2.0_visualstudio_2015_x64-virtualdevice-formes-08\obj\release\x64\infback.obj
f:\beal_julien_sn2\_projet_2025\git\@chai3d-3.2.0_visualstudio_2015_x64-virtualdevice-formes-08\obj\release\x64\pngread.obj
f:\beal_julien_sn2\_projet_2025\git\@chai3d-3.2.0_visualstudio_2015_x64-virtualdevice-formes-08\obj\release\x64\pngwrite.obj
f:\beal_julien_sn2\_projet_2025\git\@chai3d-3.2.0_visualstudio_2015_x64-virtualdevice-formes-08\obj\release\x64\alc.obj
f:\beal_julien_sn2\_projet_2025\git\@chai3d-3.2.0_visualstudio_2015_x64-virtualdevice-formes-08\obj\release\x64\alu.obj
f:\beal_julien_sn2\_projet_2025\git\@chai3d-3.2.0_visualstudio_2015_x64-virtualdevice-formes-08\obj\release\x64\mixer.obj
f:\beal_julien_sn2\_projet_2025\git\@chai3d-3.2.0_visualstudio_2015_x64-virtualdevice-formes-08\obj\release\x64\aleffect.obj
f:\beal_julien_sn2\_projet_2025\git\@chai3d-3.2.0_visualstudio_2015_x64-virtualdevice-formes-08\obj\release\x64\alstate.obj
f:\beal_julien_sn2\_projet_2025\git\@chai3d-3.2.0_visualstudio_2015_x64-virtualdevice-formes-08\obj\release\x64\dequant.obj
f:\beal_julien_sn2\_projet_2025\git\@chai3d-3.2.0_visualstudio_2015_x64-virtualdevice-formes-08\obj\release\x64\encode.obj
f:\beal_julien_sn2\_projet_2025\git\@chai3d-3.2.0_visualstudio_2015_x64-virtualdevice-formes-08\obj\release\x64\infot.obj
f:\beal_julien_sn2\_projet_2025\git\@chai3d-3.2.0_visualstudio_2015_x64-virtualdevice-formes-08\obj\release\x64\rate.obj
f:\beal_julien_sn2\_projet_2025\git\@chai3d-3.2.0_visualstudio_2015_x64-virtualdevice-formes-08\obj\release\x64\floor0.obj
f:\beal_julien_sn2\_projet_2025\git\@chai3d-3.2.0_visualstudio_2015_x64-virtualdevice-formes-08\obj\release\x64\mapping0.obj
f:\beal_julien_sn2\_projet_2025\git\@chai3d-3.2.0_visualstudio_2015_x64-virtualdevice-formes-08\obj\release\x64\window.obj
f:\beal_julien_sn2\_projet_2025\git\@chai3d-3.2.0_visualstudio_2015_x64-virtualdevice-formes-08\obj\release\x64\yuv420_yuv_c.obj
f:\beal_julien_sn2\_projet_2025\git\@chai3d-3.2.0_visualstudio_2015_x64-virtualdevice-formes-08\lib\release\x64\chai3d.lib
f:\beal_julien_sn2\_projet_2025\git\@chai3d-3.2.0_visualstudio_2015_x64-virtualdevice-formes-08\obj\release\x64\chai3d.tlog\cl.10428.write.1.tlog
f:\beal_julien_sn2\_projet_2025\git\@chai3d-3.2.0_visualstudio_2015_x64-virtualdevice-formes-08\obj\release\x64\chai3d.tlog\cl.command.1.tlog
f:\beal_julien_sn2\_projet_2025\git\@chai3d-3.2.0_visualstudio_2015_x64-virtualdevice-formes-08\obj\release\x64\chai3d.tlog\cl.items.tlog
f:\beal_julien_sn2\_projet_2025\git\@chai3d-3.2.0_visualstudio_2015_x64-virtualdevice-formes-08\obj\release\x64\chai3d.tlog\cl.read.1.tlog
f:\beal_julien_sn2\_projet_2025\git\@chai3d-3.2.0_visualstudio_2015_x64-virtualdevice-formes-08\obj\release\x64\chai3d.tlog\lib-link.read.1.tlog
f:\beal_julien_sn2\_projet_2025\git\@chai3d-3.2.0_visualstudio_2015_x64-virtualdevice-formes-08\obj\release\x64\chai3d.tlog\lib-link.write.1.tlog
f:\beal_julien_sn2\_projet_2025\git\@chai3d-3.2.0_visualstudio_2015_x64-virtualdevice-formes-08\obj\release\x64\chai3d.tlog\lib.command.1.tlog
