f:\beal_julien_sn2\_projet_2025\git\chai3d-3.2.0\extras\glfw\obj\release\x64\window.obj
f:\beal_julien_sn2\_projet_2025\git\chai3d-3.2.0\extras\glfw\obj\release\x64\win32_window.obj
f:\beal_julien_sn2\_projet_2025\git\chai3d-3.2.0\extras\glfw\obj\release\x64\win32_tls.obj
f:\beal_julien_sn2\_projet_2025\git\chai3d-3.2.0\extras\glfw\obj\release\x64\win32_time.obj
f:\beal_julien_sn2\_projet_2025\git\chai3d-3.2.0\extras\glfw\obj\release\x64\win32_monitor.obj
f:\beal_julien_sn2\_projet_2025\git\chai3d-3.2.0\extras\glfw\obj\release\x64\win32_joystick.obj
f:\beal_julien_sn2\_projet_2025\git\chai3d-3.2.0\extras\glfw\obj\release\x64\win32_init.obj
f:\beal_julien_sn2\_projet_2025\git\chai3d-3.2.0\extras\glfw\obj\release\x64\wgl_context.obj
f:\beal_julien_sn2\_projet_2025\git\chai3d-3.2.0\extras\glfw\obj\release\x64\vulkan.obj
f:\beal_julien_sn2\_projet_2025\git\chai3d-3.2.0\extras\glfw\obj\release\x64\monitor.obj
f:\beal_julien_sn2\_projet_2025\git\chai3d-3.2.0\extras\glfw\obj\release\x64\input.obj
f:\beal_julien_sn2\_projet_2025\git\chai3d-3.2.0\extras\glfw\obj\release\x64\init.obj
f:\beal_julien_sn2\_projet_2025\git\chai3d-3.2.0\extras\glfw\obj\release\x64\egl_context.obj
f:\beal_julien_sn2\_projet_2025\git\chai3d-3.2.0\extras\glfw\obj\release\x64\context.obj
f:\beal_julien_sn2\_projet_2025\git\chai3d-3.2.0\extras\glfw\lib\release\x64\glfw.lib
f:\beal_julien_sn2\_projet_2025\git\chai3d-3.2.0\extras\glfw\obj\release\x64\glfw.tlog\cl.command.1.tlog
f:\beal_julien_sn2\_projet_2025\git\chai3d-3.2.0\extras\glfw\obj\release\x64\glfw.tlog\cl.items.tlog
f:\beal_julien_sn2\_projet_2025\git\chai3d-3.2.0\extras\glfw\obj\release\x64\glfw.tlog\cl.read.1.tlog
f:\beal_julien_sn2\_projet_2025\git\chai3d-3.2.0\extras\glfw\obj\release\x64\glfw.tlog\cl.write.1.tlog
f:\beal_julien_sn2\_projet_2025\git\chai3d-3.2.0\extras\glfw\obj\release\x64\glfw.tlog\lib-link.read.1.tlog
f:\beal_julien_sn2\_projet_2025\git\chai3d-3.2.0\extras\glfw\obj\release\x64\glfw.tlog\lib-link.write.1.tlog
f:\beal_julien_sn2\_projet_2025\git\chai3d-3.2.0\extras\glfw\obj\release\x64\glfw.tlog\lib.command.1.tlog
