  00-drone-ju.cpp
  cFileMappingDroneCharTelemetryClient.cpp
  cFileMappingDroneCharTelemetryServeur.cpp
  cFileMappingPictureClient.cpp
  cFileMappingPictureServeur.cpp
  cVirtualDroneCharTelemetry.cpp
  cVirtualPicture.cpp
F:\BEAL_JULIEN_SN2\_projet_2025\git\@Chai3d-3.2.0_VisualStudio_2015_x64-VirtualDevice-Formes-08\examples\GLFW\00-drone-ju\cFileMappingDroneCharTelemetryServeur.cpp(101,16): warning C4477: 'printf' : la chaîne de format '%8x' nécessite un argument de type 'unsigned int', mais l'argument variadique 1 est de type 'LPVOID'
F:\BEAL_JULIEN_SN2\_projet_2025\git\@Chai3d-3.2.0_VisualStudio_2015_x64-VirtualDevice-Formes-08\examples\GLFW\00-drone-ju\cFileMappingDroneCharTelemetryServeur.cpp(101,16): warning C4313: 'printf' : '%x' dans la chaîne de format est en conflit avec l'argument 1 de type 'LPVOID'.
F:\BEAL_JULIEN_SN2\_projet_2025\git\@Chai3d-3.2.0_VisualStudio_2015_x64-VirtualDevice-Formes-08\examples\GLFW\00-drone-ju\cFileMappingDroneCharTelemetryServeur.cpp(147,14): warning C4477: 'printf' : la chaîne de format '%8x' nécessite un argument de type 'unsigned int', mais l'argument variadique 1 est de type 'cVirtualDroneCharTelemetry *'
F:\BEAL_JULIEN_SN2\_projet_2025\git\@Chai3d-3.2.0_VisualStudio_2015_x64-VirtualDevice-Formes-08\examples\GLFW\00-drone-ju\cFileMappingDroneCharTelemetryServeur.cpp(147,14): warning C4313: 'printf' : '%x' dans la chaîne de format est en conflit avec l'argument 1 de type 'cVirtualDroneCharTelemetry *'.
F:\BEAL_JULIEN_SN2\_projet_2025\git\@Chai3d-3.2.0_VisualStudio_2015_x64-VirtualDevice-Formes-08\examples\GLFW\00-drone-ju\cFileMappingDroneCharTelemetryServeur.cpp(282,10): warning C4477: 'printf' : la chaîne de format '%8x' nécessite un argument de type 'unsigned int', mais l'argument variadique 1 est de type 'cVirtualDroneCharTelemetry *'
F:\BEAL_JULIEN_SN2\_projet_2025\git\@Chai3d-3.2.0_VisualStudio_2015_x64-VirtualDevice-Formes-08\examples\GLFW\00-drone-ju\cFileMappingDroneCharTelemetryServeur.cpp(282,10): warning C4313: 'printf' : '%x' dans la chaîne de format est en conflit avec l'argument 1 de type 'cVirtualDroneCharTelemetry *'.
F:\BEAL_JULIEN_SN2\_projet_2025\git\@Chai3d-3.2.0_VisualStudio_2015_x64-VirtualDevice-Formes-08\examples\GLFW\00-drone-ju\cFileMappingDroneCharTelemetryServeur.cpp(282,10): warning C4477: 'printf' : la chaîne de format '%S' nécessite un argument de type 'wchar_t *', mais l'argument variadique 2 est de type 'size_t'
F:\BEAL_JULIEN_SN2\_projet_2025\git\@Chai3d-3.2.0_VisualStudio_2015_x64-VirtualDevice-Formes-08\examples\GLFW\00-drone-ju\cFileMappingDroneCharTelemetryClient.cpp(150,14): warning C4477: 'printf' : la chaîne de format '%8x' nécessite un argument de type 'unsigned int', mais l'argument variadique 1 est de type 'cVirtualDroneCharTelemetry *'
F:\BEAL_JULIEN_SN2\_projet_2025\git\@Chai3d-3.2.0_VisualStudio_2015_x64-VirtualDevice-Formes-08\examples\GLFW\00-drone-ju\cFileMappingDroneCharTelemetryClient.cpp(150,14): warning C4313: 'printf' : '%x' dans la chaîne de format est en conflit avec l'argument 1 de type 'cVirtualDroneCharTelemetry *'.
F:\BEAL_JULIEN_SN2\_projet_2025\git\@Chai3d-3.2.0_VisualStudio_2015_x64-VirtualDevice-Formes-08\examples\GLFW\00-drone-ju\cFileMappingDroneCharTelemetryClient.cpp(288,10): warning C4477: 'printf' : la chaîne de format '%8x' nécessite un argument de type 'unsigned int', mais l'argument variadique 1 est de type 'cVirtualDroneCharTelemetry *'
F:\BEAL_JULIEN_SN2\_projet_2025\git\@Chai3d-3.2.0_VisualStudio_2015_x64-VirtualDevice-Formes-08\examples\GLFW\00-drone-ju\cFileMappingDroneCharTelemetryClient.cpp(288,10): warning C4313: 'printf' : '%x' dans la chaîne de format est en conflit avec l'argument 1 de type 'cVirtualDroneCharTelemetry *'.
F:\BEAL_JULIEN_SN2\_projet_2025\git\@Chai3d-3.2.0_VisualStudio_2015_x64-VirtualDevice-Formes-08\examples\GLFW\00-drone-ju\cFileMappingDroneCharTelemetryClient.cpp(288,10): warning C4477: 'printf' : la chaîne de format '%S' nécessite un argument de type 'wchar_t *', mais l'argument variadique 2 est de type 'size_t'
F:\BEAL_JULIEN_SN2\_projet_2025\git\@Chai3d-3.2.0_VisualStudio_2015_x64-VirtualDevice-Formes-08\examples\GLFW\00-drone-ju\cFileMappingPictureServeur.cpp(101,16): warning C4477: 'printf' : la chaîne de format '%8x' nécessite un argument de type 'unsigned int', mais l'argument variadique 1 est de type 'LPVOID'
F:\BEAL_JULIEN_SN2\_projet_2025\git\@Chai3d-3.2.0_VisualStudio_2015_x64-VirtualDevice-Formes-08\examples\GLFW\00-drone-ju\cFileMappingPictureServeur.cpp(101,16): warning C4313: 'printf' : '%x' dans la chaîne de format est en conflit avec l'argument 1 de type 'LPVOID'.
F:\BEAL_JULIEN_SN2\_projet_2025\git\@Chai3d-3.2.0_VisualStudio_2015_x64-VirtualDevice-Formes-08\examples\GLFW\00-drone-ju\cFileMappingPictureServeur.cpp(145,14): warning C4477: 'printf' : la chaîne de format '%8x' nécessite un argument de type 'unsigned int', mais l'argument variadique 1 est de type 'cVirtualPicture *'
F:\BEAL_JULIEN_SN2\_projet_2025\git\@Chai3d-3.2.0_VisualStudio_2015_x64-VirtualDevice-Formes-08\examples\GLFW\00-drone-ju\cFileMappingPictureServeur.cpp(145,14): warning C4313: 'printf' : '%x' dans la chaîne de format est en conflit avec l'argument 1 de type 'cVirtualPicture *'.
F:\BEAL_JULIEN_SN2\_projet_2025\git\@Chai3d-3.2.0_VisualStudio_2015_x64-VirtualDevice-Formes-08\examples\GLFW\00-drone-ju\cFileMappingPictureServeur.cpp(401,10): warning C4477: 'printf' : la chaîne de format '%8x' nécessite un argument de type 'unsigned int', mais l'argument variadique 1 est de type 'cVirtualPicture *'
F:\BEAL_JULIEN_SN2\_projet_2025\git\@Chai3d-3.2.0_VisualStudio_2015_x64-VirtualDevice-Formes-08\examples\GLFW\00-drone-ju\cFileMappingPictureServeur.cpp(401,10): warning C4313: 'printf' : '%x' dans la chaîne de format est en conflit avec l'argument 1 de type 'cVirtualPicture *'.
F:\BEAL_JULIEN_SN2\_projet_2025\git\@Chai3d-3.2.0_VisualStudio_2015_x64-VirtualDevice-Formes-08\examples\GLFW\00-drone-ju\cFileMappingPictureServeur.cpp(401,10): warning C4477: 'printf' : la chaîne de format '%S' nécessite un argument de type 'wchar_t *', mais l'argument variadique 4 est de type 'size_t'
F:\BEAL_JULIEN_SN2\_projet_2025\git\@Chai3d-3.2.0_VisualStudio_2015_x64-VirtualDevice-Formes-08\examples\GLFW\00-drone-ju\cFileMappingPictureServeur.cpp(541,9): warning C4477: 'printf' : la chaîne de format '%x' nécessite un argument de type 'unsigned int', mais l'argument variadique 1 est de type 'unsigned char *'
F:\BEAL_JULIEN_SN2\_projet_2025\git\@Chai3d-3.2.0_VisualStudio_2015_x64-VirtualDevice-Formes-08\examples\GLFW\00-drone-ju\cFileMappingPictureServeur.cpp(541,9): warning C4313: 'printf' : '%x' dans la chaîne de format est en conflit avec l'argument 1 de type 'unsigned char *'.
F:\BEAL_JULIEN_SN2\_projet_2025\git\@Chai3d-3.2.0_VisualStudio_2015_x64-VirtualDevice-Formes-08\examples\GLFW\00-drone-ju\cFileMappingPictureServeur.cpp(541,9): warning C4477: 'printf' : la chaîne de format '%x' nécessite un argument de type 'unsigned int', mais l'argument variadique 2 est de type 'unsigned char *'
F:\BEAL_JULIEN_SN2\_projet_2025\git\@Chai3d-3.2.0_VisualStudio_2015_x64-VirtualDevice-Formes-08\examples\GLFW\00-drone-ju\cFileMappingPictureServeur.cpp(541,9): warning C4313: 'printf' : '%x' dans la chaîne de format est en conflit avec l'argument 2 de type 'unsigned char *'.
F:\BEAL_JULIEN_SN2\_projet_2025\git\@Chai3d-3.2.0_VisualStudio_2015_x64-VirtualDevice-Formes-08\examples\GLFW\00-drone-ju\cFileMappingPictureClient.cpp(146,14): warning C4477: 'printf' : la chaîne de format '%8x' nécessite un argument de type 'unsigned int', mais l'argument variadique 1 est de type 'cVirtualPicture *'
F:\BEAL_JULIEN_SN2\_projet_2025\git\@Chai3d-3.2.0_VisualStudio_2015_x64-VirtualDevice-Formes-08\examples\GLFW\00-drone-ju\cFileMappingPictureClient.cpp(146,14): warning C4313: 'printf' : '%x' dans la chaîne de format est en conflit avec l'argument 1 de type 'cVirtualPicture *'.
F:\BEAL_JULIEN_SN2\_projet_2025\git\@Chai3d-3.2.0_VisualStudio_2015_x64-VirtualDevice-Formes-08\examples\GLFW\00-drone-ju\cFileMappingPictureClient.cpp(398,10): warning C4477: 'printf' : la chaîne de format '%8x' nécessite un argument de type 'unsigned int', mais l'argument variadique 1 est de type 'cVirtualPicture *'
F:\BEAL_JULIEN_SN2\_projet_2025\git\@Chai3d-3.2.0_VisualStudio_2015_x64-VirtualDevice-Formes-08\examples\GLFW\00-drone-ju\cFileMappingPictureClient.cpp(398,10): warning C4313: 'printf' : '%x' dans la chaîne de format est en conflit avec l'argument 1 de type 'cVirtualPicture *'.
F:\BEAL_JULIEN_SN2\_projet_2025\git\@Chai3d-3.2.0_VisualStudio_2015_x64-VirtualDevice-Formes-08\examples\GLFW\00-drone-ju\cFileMappingPictureClient.cpp(398,10): warning C4477: 'printf' : la chaîne de format '%S' nécessite un argument de type 'wchar_t *', mais l'argument variadique 4 est de type 'size_t'
F:\BEAL_JULIEN_SN2\_projet_2025\git\@Chai3d-3.2.0_VisualStudio_2015_x64-VirtualDevice-Formes-08\examples\GLFW\00-drone-ju\cFileMappingPictureClient.cpp(538,9): warning C4477: 'printf' : la chaîne de format '%x' nécessite un argument de type 'unsigned int', mais l'argument variadique 1 est de type 'unsigned char *'
F:\BEAL_JULIEN_SN2\_projet_2025\git\@Chai3d-3.2.0_VisualStudio_2015_x64-VirtualDevice-Formes-08\examples\GLFW\00-drone-ju\cFileMappingPictureClient.cpp(538,9): warning C4313: 'printf' : '%x' dans la chaîne de format est en conflit avec l'argument 1 de type 'unsigned char *'.
F:\BEAL_JULIEN_SN2\_projet_2025\git\@Chai3d-3.2.0_VisualStudio_2015_x64-VirtualDevice-Formes-08\examples\GLFW\00-drone-ju\cFileMappingPictureClient.cpp(538,9): warning C4477: 'printf' : la chaîne de format '%x' nécessite un argument de type 'unsigned int', mais l'argument variadique 2 est de type 'unsigned char *'
F:\BEAL_JULIEN_SN2\_projet_2025\git\@Chai3d-3.2.0_VisualStudio_2015_x64-VirtualDevice-Formes-08\examples\GLFW\00-drone-ju\cFileMappingPictureClient.cpp(538,9): warning C4313: 'printf' : '%x' dans la chaîne de format est en conflit avec l'argument 2 de type 'unsigned char *'.
F:\BEAL_JULIEN_SN2\_projet_2025\git\@Chai3d-3.2.0_VisualStudio_2015_x64-VirtualDevice-Formes-08\examples\GLFW\00-drone-ju\cVirtualPicture.h(24,10): warning C4005: 'STRUCT_SIZE' : redéfinition de macro
  (compiler le fichier source '00-drone-ju.cpp')
      F:\BEAL_JULIEN_SN2\_projet_2025\git\@Chai3d-3.2.0_VisualStudio_2015_x64-VirtualDevice-Formes-08\src\virtualform\CFileMappingStructureServeurBridge.h(65,10):
      voir la définition précédente de « STRUCT_SIZE »
  
F:\BEAL_JULIEN_SN2\_projet_2025\git\@Chai3d-3.2.0_VisualStudio_2015_x64-VirtualDevice-Formes-08\examples\GLFW\00-drone-ju\00-drone-ju.cpp(135,15): error C2664: 'bool chai3d::cSaveJPG(chai3d::cImage *,unsigned char **,unsigned int *)' : impossible de convertir l'argument 3 de 'int *' en 'unsigned int *'
      F:\BEAL_JULIEN_SN2\_projet_2025\git\@Chai3d-3.2.0_VisualStudio_2015_x64-VirtualDevice-Formes-08\examples\GLFW\00-drone-ju\00-drone-ju.cpp(135,56):
      Les types pointés ne sont pas liés ; la conversion nécessite un reinterpret_cast, un cast de style C ou un cast de style fonction entre parenthèses.
      F:\BEAL_JULIEN_SN2\_projet_2025\git\@Chai3d-3.2.0_VisualStudio_2015_x64-VirtualDevice-Formes-08\src\files\CFileImageJPG.h(85,10):
      voir la déclaration de 'chai3d::cSaveJPG'
      F:\BEAL_JULIEN_SN2\_projet_2025\git\@Chai3d-3.2.0_VisualStudio_2015_x64-VirtualDevice-Formes-08\examples\GLFW\00-drone-ju\00-drone-ju.cpp(135,15):
      lors de la tentative de mise en correspondance de la liste des arguments '(chai3d::cImage *, unsigned char **, int *)'
  
F:\BEAL_JULIEN_SN2\_projet_2025\git\@Chai3d-3.2.0_VisualStudio_2015_x64-VirtualDevice-Formes-08\examples\GLFW\00-drone-ju\00-drone-ju.cpp(143,23): error C2664: 'bool chai3d::cBitmap::loadFromImage(chai3d::cImagePtr)' : impossible de convertir l'argument 1 de 'chai3d::cImage *' en 'chai3d::cImagePtr'
      F:\BEAL_JULIEN_SN2\_projet_2025\git\@Chai3d-3.2.0_VisualStudio_2015_x64-VirtualDevice-Formes-08\examples\GLFW\00-drone-ju\00-drone-ju.cpp(143,56):
      Le constructeur pour class 'std::shared_ptr<chai3d::cImage>' est déclaré 'explicit'
      F:\BEAL_JULIEN_SN2\_projet_2025\git\@Chai3d-3.2.0_VisualStudio_2015_x64-VirtualDevice-Formes-08\src\widgets\CBitmap.h(108,10):
      voir la déclaration de 'chai3d::cBitmap::loadFromImage'
      F:\BEAL_JULIEN_SN2\_projet_2025\git\@Chai3d-3.2.0_VisualStudio_2015_x64-VirtualDevice-Formes-08\examples\GLFW\00-drone-ju\00-drone-ju.cpp(143,23):
      lors de la tentative de mise en correspondance de la liste des arguments '(chai3d::cImage *)'
  
