f:\beal_julien_sn2\_projet_2025\git\chai3d-3.2.0\modules\ode\obj\release\x64\amotor.obj
f:\beal_julien_sn2\_projet_2025\git\chai3d-3.2.0\modules\ode\obj\release\x64\array.obj
f:\beal_julien_sn2\_projet_2025\git\chai3d-3.2.0\modules\ode\obj\release\x64\ball.obj
f:\beal_julien_sn2\_projet_2025\git\chai3d-3.2.0\modules\ode\obj\release\x64\box.obj
f:\beal_julien_sn2\_projet_2025\git\chai3d-3.2.0\modules\ode\obj\release\x64\capsule.obj
f:\beal_julien_sn2\_projet_2025\git\chai3d-3.2.0\modules\ode\obj\release\x64\codegenericbody.obj
f:\beal_julien_sn2\_projet_2025\git\chai3d-3.2.0\modules\ode\obj\release\x64\codeworld.obj
f:\beal_julien_sn2\_projet_2025\git\chai3d-3.2.0\modules\ode\obj\release\x64\collision_cylinder_box.obj
f:\beal_julien_sn2\_projet_2025\git\chai3d-3.2.0\modules\ode\obj\release\x64\collision_cylinder_plane.obj
f:\beal_julien_sn2\_projet_2025\git\chai3d-3.2.0\modules\ode\obj\release\x64\collision_cylinder_sphere.obj
f:\beal_julien_sn2\_projet_2025\git\chai3d-3.2.0\modules\ode\obj\release\x64\collision_cylinder_trimesh.obj
f:\beal_julien_sn2\_projet_2025\git\chai3d-3.2.0\modules\ode\obj\release\x64\collision_kernel.obj
f:\beal_julien_sn2\_projet_2025\git\chai3d-3.2.0\modules\ode\obj\release\x64\collision_quadtreespace.obj
f:\beal_julien_sn2\_projet_2025\git\chai3d-3.2.0\modules\ode\obj\release\x64\collision_sapspace.obj
f:\beal_julien_sn2\_projet_2025\git\chai3d-3.2.0\modules\ode\obj\release\x64\collision_space.obj
f:\beal_julien_sn2\_projet_2025\git\chai3d-3.2.0\modules\ode\obj\release\x64\collision_transform.obj
f:\beal_julien_sn2\_projet_2025\git\chai3d-3.2.0\modules\ode\obj\release\x64\collision_trimesh_box.obj
f:\beal_julien_sn2\_projet_2025\git\chai3d-3.2.0\modules\ode\obj\release\x64\collision_trimesh_ccylinder.obj
f:\beal_julien_sn2\_projet_2025\git\chai3d-3.2.0\modules\ode\obj\release\x64\collision_trimesh_disabled.obj
f:\beal_julien_sn2\_projet_2025\git\chai3d-3.2.0\modules\ode\obj\release\x64\collision_trimesh_distance.obj
f:\beal_julien_sn2\_projet_2025\git\chai3d-3.2.0\modules\ode\obj\release\x64\collision_trimesh_gimpact.obj
f:\beal_julien_sn2\_projet_2025\git\chai3d-3.2.0\modules\ode\obj\release\x64\collision_trimesh_opcode.obj
f:\beal_julien_sn2\_projet_2025\git\chai3d-3.2.0\modules\ode\obj\release\x64\collision_trimesh_plane.obj
f:\beal_julien_sn2\_projet_2025\git\chai3d-3.2.0\modules\ode\obj\release\x64\collision_trimesh_ray.obj
f:\beal_julien_sn2\_projet_2025\git\chai3d-3.2.0\modules\ode\obj\release\x64\collision_trimesh_sphere.obj
f:\beal_julien_sn2\_projet_2025\git\chai3d-3.2.0\modules\ode\obj\release\x64\collision_trimesh_trimesh.obj
f:\beal_julien_sn2\_projet_2025\git\chai3d-3.2.0\modules\ode\obj\release\x64\collision_trimesh_trimesh_new.obj
f:\beal_julien_sn2\_projet_2025\git\chai3d-3.2.0\modules\ode\obj\release\x64\collision_util.obj
f:\beal_julien_sn2\_projet_2025\git\chai3d-3.2.0\modules\ode\obj\release\x64\contact.obj
f:\beal_julien_sn2\_projet_2025\git\chai3d-3.2.0\modules\ode\obj\release\x64\convex.obj
f:\beal_julien_sn2\_projet_2025\git\chai3d-3.2.0\modules\ode\obj\release\x64\cylinder.obj
f:\beal_julien_sn2\_projet_2025\git\chai3d-3.2.0\modules\ode\obj\release\x64\error.obj
f:\beal_julien_sn2\_projet_2025\git\chai3d-3.2.0\modules\ode\obj\release\x64\export-dif.obj
f:\beal_julien_sn2\_projet_2025\git\chai3d-3.2.0\modules\ode\obj\release\x64\fastdot.obj
f:\beal_julien_sn2\_projet_2025\git\chai3d-3.2.0\modules\ode\obj\release\x64\fastldlt.obj
f:\beal_julien_sn2\_projet_2025\git\chai3d-3.2.0\modules\ode\obj\release\x64\fastlsolve.obj
f:\beal_julien_sn2\_projet_2025\git\chai3d-3.2.0\modules\ode\obj\release\x64\fastltsolve.obj
f:\beal_julien_sn2\_projet_2025\git\chai3d-3.2.0\modules\ode\obj\release\x64\fixed.obj
f:\beal_julien_sn2\_projet_2025\git\chai3d-3.2.0\modules\ode\obj\release\x64\heightfield.obj
f:\beal_julien_sn2\_projet_2025\git\chai3d-3.2.0\modules\ode\obj\release\x64\hinge.obj
f:\beal_julien_sn2\_projet_2025\git\chai3d-3.2.0\modules\ode\obj\release\x64\hinge2.obj
f:\beal_julien_sn2\_projet_2025\git\chai3d-3.2.0\modules\ode\obj\release\x64\iceaabb.obj
f:\beal_julien_sn2\_projet_2025\git\chai3d-3.2.0\modules\ode\obj\release\x64\icecontainer.obj
f:\beal_julien_sn2\_projet_2025\git\chai3d-3.2.0\modules\ode\obj\release\x64\icehpoint.obj
f:\beal_julien_sn2\_projet_2025\git\chai3d-3.2.0\modules\ode\obj\release\x64\iceindexedtriangle.obj
f:\beal_julien_sn2\_projet_2025\git\chai3d-3.2.0\modules\ode\obj\release\x64\icematrix3x3.obj
f:\beal_julien_sn2\_projet_2025\git\chai3d-3.2.0\modules\ode\obj\release\x64\icematrix4x4.obj
f:\beal_julien_sn2\_projet_2025\git\chai3d-3.2.0\modules\ode\obj\release\x64\iceobb.obj
f:\beal_julien_sn2\_projet_2025\git\chai3d-3.2.0\modules\ode\obj\release\x64\iceplane.obj
f:\beal_julien_sn2\_projet_2025\git\chai3d-3.2.0\modules\ode\obj\release\x64\icepoint.obj
f:\beal_julien_sn2\_projet_2025\git\chai3d-3.2.0\modules\ode\obj\release\x64\icerandom.obj
f:\beal_julien_sn2\_projet_2025\git\chai3d-3.2.0\modules\ode\obj\release\x64\iceray.obj
f:\beal_julien_sn2\_projet_2025\git\chai3d-3.2.0\modules\ode\obj\release\x64\icerevisitedradix.obj
f:\beal_julien_sn2\_projet_2025\git\chai3d-3.2.0\modules\ode\obj\release\x64\icesegment.obj
f:\beal_julien_sn2\_projet_2025\git\chai3d-3.2.0\modules\ode\obj\release\x64\icetriangle.obj
f:\beal_julien_sn2\_projet_2025\git\chai3d-3.2.0\modules\ode\obj\release\x64\iceutils.obj
f:\beal_julien_sn2\_projet_2025\git\chai3d-3.2.0\modules\ode\obj\release\x64\joint.obj
f:\beal_julien_sn2\_projet_2025\git\chai3d-3.2.0\modules\ode\obj\release\x64\lcp.obj
f:\beal_julien_sn2\_projet_2025\git\chai3d-3.2.0\modules\ode\obj\release\x64\lmotor.obj
f:\beal_julien_sn2\_projet_2025\git\chai3d-3.2.0\modules\ode\obj\release\x64\mass.obj
f:\beal_julien_sn2\_projet_2025\git\chai3d-3.2.0\modules\ode\obj\release\x64\mat.obj
f:\beal_julien_sn2\_projet_2025\git\chai3d-3.2.0\modules\ode\obj\release\x64\matrix.obj
f:\beal_julien_sn2\_projet_2025\git\chai3d-3.2.0\modules\ode\obj\release\x64\memory.obj
f:\beal_julien_sn2\_projet_2025\git\chai3d-3.2.0\modules\ode\obj\release\x64\misc.obj
f:\beal_julien_sn2\_projet_2025\git\chai3d-3.2.0\modules\ode\obj\release\x64\null.obj
f:\beal_julien_sn2\_projet_2025\git\chai3d-3.2.0\modules\ode\obj\release\x64\obstack.obj
f:\beal_julien_sn2\_projet_2025\git\chai3d-3.2.0\modules\ode\obj\release\x64\ode.obj
f:\beal_julien_sn2\_projet_2025\git\chai3d-3.2.0\modules\ode\obj\release\x64\odeinit.obj
f:\beal_julien_sn2\_projet_2025\git\chai3d-3.2.0\modules\ode\obj\release\x64\odemath.obj
f:\beal_julien_sn2\_projet_2025\git\chai3d-3.2.0\modules\ode\obj\release\x64\odeou.obj
f:\beal_julien_sn2\_projet_2025\git\chai3d-3.2.0\modules\ode\obj\release\x64\odetls.obj
f:\beal_julien_sn2\_projet_2025\git\chai3d-3.2.0\modules\ode\obj\release\x64\opcode.obj
f:\beal_julien_sn2\_projet_2025\git\chai3d-3.2.0\modules\ode\obj\release\x64\opc_aabbcollider.obj
f:\beal_julien_sn2\_projet_2025\git\chai3d-3.2.0\modules\ode\obj\release\x64\opc_aabbtree.obj
f:\beal_julien_sn2\_projet_2025\git\chai3d-3.2.0\modules\ode\obj\release\x64\opc_basemodel.obj
f:\beal_julien_sn2\_projet_2025\git\chai3d-3.2.0\modules\ode\obj\release\x64\opc_collider.obj
f:\beal_julien_sn2\_projet_2025\git\chai3d-3.2.0\modules\ode\obj\release\x64\opc_common.obj
f:\beal_julien_sn2\_projet_2025\git\chai3d-3.2.0\modules\ode\obj\release\x64\opc_hybridmodel.obj
f:\beal_julien_sn2\_projet_2025\git\chai3d-3.2.0\modules\ode\obj\release\x64\opc_lsscollider.obj
f:\beal_julien_sn2\_projet_2025\git\chai3d-3.2.0\modules\ode\obj\release\x64\opc_meshinterface.obj
f:\beal_julien_sn2\_projet_2025\git\chai3d-3.2.0\modules\ode\obj\release\x64\opc_model.obj
f:\beal_julien_sn2\_projet_2025\git\chai3d-3.2.0\modules\ode\obj\release\x64\opc_obbcollider.obj
f:\beal_julien_sn2\_projet_2025\git\chai3d-3.2.0\modules\ode\obj\release\x64\opc_optimizedtree.obj
f:\beal_julien_sn2\_projet_2025\git\chai3d-3.2.0\modules\ode\obj\release\x64\opc_picking.obj
f:\beal_julien_sn2\_projet_2025\git\chai3d-3.2.0\modules\ode\obj\release\x64\opc_planescollider.obj
f:\beal_julien_sn2\_projet_2025\git\chai3d-3.2.0\modules\ode\obj\release\x64\opc_raycollider.obj
f:\beal_julien_sn2\_projet_2025\git\chai3d-3.2.0\modules\ode\obj\release\x64\opc_spherecollider.obj
f:\beal_julien_sn2\_projet_2025\git\chai3d-3.2.0\modules\ode\obj\release\x64\opc_treebuilders.obj
f:\beal_julien_sn2\_projet_2025\git\chai3d-3.2.0\modules\ode\obj\release\x64\opc_treecollider.obj
f:\beal_julien_sn2\_projet_2025\git\chai3d-3.2.0\modules\ode\obj\release\x64\opc_volumecollider.obj
f:\beal_julien_sn2\_projet_2025\git\chai3d-3.2.0\modules\ode\obj\release\x64\piston.obj
f:\beal_julien_sn2\_projet_2025\git\chai3d-3.2.0\modules\ode\obj\release\x64\plane.obj
f:\beal_julien_sn2\_projet_2025\git\chai3d-3.2.0\modules\ode\obj\release\x64\plane2d.obj
f:\beal_julien_sn2\_projet_2025\git\chai3d-3.2.0\modules\ode\obj\release\x64\pr.obj
f:\beal_julien_sn2\_projet_2025\git\chai3d-3.2.0\modules\ode\obj\release\x64\pu.obj
f:\beal_julien_sn2\_projet_2025\git\chai3d-3.2.0\modules\ode\obj\release\x64\quickstep.obj
f:\beal_julien_sn2\_projet_2025\git\chai3d-3.2.0\modules\ode\obj\release\x64\ray.obj
f:\beal_julien_sn2\_projet_2025\git\chai3d-3.2.0\modules\ode\obj\release\x64\rotation.obj
f:\beal_julien_sn2\_projet_2025\git\chai3d-3.2.0\modules\ode\obj\release\x64\slider.obj
f:\beal_julien_sn2\_projet_2025\git\chai3d-3.2.0\modules\ode\obj\release\x64\sphere.obj
f:\beal_julien_sn2\_projet_2025\git\chai3d-3.2.0\modules\ode\obj\release\x64\step.obj
f:\beal_julien_sn2\_projet_2025\git\chai3d-3.2.0\modules\ode\obj\release\x64\stepfast.obj
f:\beal_julien_sn2\_projet_2025\git\chai3d-3.2.0\modules\ode\obj\release\x64\testing.obj
f:\beal_julien_sn2\_projet_2025\git\chai3d-3.2.0\modules\ode\obj\release\x64\timer.obj
f:\beal_julien_sn2\_projet_2025\git\chai3d-3.2.0\modules\ode\obj\release\x64\universal.obj
f:\beal_julien_sn2\_projet_2025\git\chai3d-3.2.0\modules\ode\obj\release\x64\util.obj
f:\beal_julien_sn2\_projet_2025\git\chai3d-3.2.0\modules\ode\lib\release\x64\chai3d-ode.lib
