f:\beal_julien_sn2\_projet_2025\git\chai3d-3.2.0\modules\oculus\obj\release\x64\capi_gle.obj
f:\beal_julien_sn2\_projet_2025\git\chai3d-3.2.0\modules\oculus\obj\release\x64\coculusdevice.obj
f:\beal_julien_sn2\_projet_2025\git\chai3d-3.2.0\modules\oculus\obj\release\x64\coculusrendercontext.obj
f:\beal_julien_sn2\_projet_2025\git\chai3d-3.2.0\modules\oculus\obj\release\x64\ovr_alg.obj
f:\beal_julien_sn2\_projet_2025\git\chai3d-3.2.0\modules\oculus\obj\release\x64\ovr_allocator.obj
f:\beal_julien_sn2\_projet_2025\git\chai3d-3.2.0\modules\oculus\obj\release\x64\ovr_atomic.obj
f:\beal_julien_sn2\_projet_2025\git\chai3d-3.2.0\modules\oculus\obj\release\x64\ovr_callbacks.obj
f:\beal_julien_sn2\_projet_2025\git\chai3d-3.2.0\modules\oculus\obj\release\x64\ovr_capishim.obj
f:\beal_julien_sn2\_projet_2025\git\chai3d-3.2.0\modules\oculus\obj\release\x64\ovr_capi_util.obj
f:\beal_julien_sn2\_projet_2025\git\chai3d-3.2.0\modules\oculus\obj\release\x64\ovr_crc32.obj
f:\beal_julien_sn2\_projet_2025\git\chai3d-3.2.0\modules\oculus\obj\release\x64\ovr_debughelp.obj
f:\beal_julien_sn2\_projet_2025\git\chai3d-3.2.0\modules\oculus\obj\release\x64\ovr_error.obj
f:\beal_julien_sn2\_projet_2025\git\chai3d-3.2.0\modules\oculus\obj\release\x64\ovr_file.obj
f:\beal_julien_sn2\_projet_2025\git\chai3d-3.2.0\modules\oculus\obj\release\x64\ovr_filefile.obj
f:\beal_julien_sn2\_projet_2025\git\chai3d-3.2.0\modules\oculus\obj\release\x64\ovr_json.obj
f:\beal_julien_sn2\_projet_2025\git\chai3d-3.2.0\modules\oculus\obj\release\x64\ovr_lockless.obj
f:\beal_julien_sn2\_projet_2025\git\chai3d-3.2.0\modules\oculus\obj\release\x64\ovr_log.obj
f:\beal_julien_sn2\_projet_2025\git\chai3d-3.2.0\modules\oculus\obj\release\x64\ovr_mach_exc_osx.obj
f:\beal_julien_sn2\_projet_2025\git\chai3d-3.2.0\modules\oculus\obj\release\x64\ovr_rand.obj
f:\beal_julien_sn2\_projet_2025\git\chai3d-3.2.0\modules\oculus\obj\release\x64\ovr_refcount.obj
f:\beal_julien_sn2\_projet_2025\git\chai3d-3.2.0\modules\oculus\obj\release\x64\ovr_sharedmemory.obj
f:\beal_julien_sn2\_projet_2025\git\chai3d-3.2.0\modules\oculus\obj\release\x64\ovr_std.obj
f:\beal_julien_sn2\_projet_2025\git\chai3d-3.2.0\modules\oculus\obj\release\x64\ovr_stereoprojection.obj
f:\beal_julien_sn2\_projet_2025\git\chai3d-3.2.0\modules\oculus\obj\release\x64\ovr_string.obj
f:\beal_julien_sn2\_projet_2025\git\chai3d-3.2.0\modules\oculus\obj\release\x64\ovr_string_formatutil.obj
f:\beal_julien_sn2\_projet_2025\git\chai3d-3.2.0\modules\oculus\obj\release\x64\ovr_string_pathutil.obj
f:\beal_julien_sn2\_projet_2025\git\chai3d-3.2.0\modules\oculus\obj\release\x64\ovr_sysfile.obj
f:\beal_julien_sn2\_projet_2025\git\chai3d-3.2.0\modules\oculus\obj\release\x64\ovr_system.obj
f:\beal_julien_sn2\_projet_2025\git\chai3d-3.2.0\modules\oculus\obj\release\x64\ovr_threadcommandqueue.obj
f:\beal_julien_sn2\_projet_2025\git\chai3d-3.2.0\modules\oculus\obj\release\x64\ovr_threadspthread.obj
f:\beal_julien_sn2\_projet_2025\git\chai3d-3.2.0\modules\oculus\obj\release\x64\ovr_threadswinapi.obj
f:\beal_julien_sn2\_projet_2025\git\chai3d-3.2.0\modules\oculus\obj\release\x64\ovr_timer.obj
f:\beal_julien_sn2\_projet_2025\git\chai3d-3.2.0\modules\oculus\obj\release\x64\ovr_utf8util.obj
f:\beal_julien_sn2\_projet_2025\git\chai3d-3.2.0\modules\oculus\lib\release\x64\chai3d-oculus.lib
