  CAPI_GLE.cpp
  OVR_Alg.cpp
  OVR_Allocator.cpp
  OVR_Atomic.cpp
  OVR_Callbacks.cpp
  OVR_CRC32.cpp
  OVR_DebugHelp.cpp
  OVR_Error.cpp
  OVR_File.cpp
  OVR_FileFILE.cpp
  OVR_JSON.cpp
  OVR_Lockless.cpp
  OVR_Log.cpp
  OVR_Rand.cpp
  OVR_RefCount.cpp
  OVR_SharedMemory.cpp
  OVR_Std.cpp
  OVR_String.cpp
  OVR_String_FormatUtil.cpp
  OVR_String_PathUtil.cpp
  OVR_SysFile.cpp
  OVR_System.cpp
  OVR_ThreadCommandQueue.cpp
  OVR_ThreadsPthread.cpp
  OVR_ThreadsWinAPI.cpp
  OVR_Timer.cpp
  OVR_UTF8Util.cpp
  OVR_CAPI_Util.cpp
  OVR_StereoProjection.cpp
  COculusDevice.cpp
  COculusRenderContext.cpp
  OVR_mach_exc_OSX.c
  OVR_CAPIShim.c
  CHAI3D-OCULUS-VS2015.vcxproj -> F:\BEAL_JULIEN_SN2\_projet_2025\git\Chai3d-3.2.0\modules\OCULUS\lib\Release\x64\chai3d-OCULUS.lib
