  00-drone-ju.cpp
glfw.lib(init.obj) : warning LNK4099: PDB '' n'a pu être trouvé avec 'glfw.lib(init.obj)' ou sur '' ; l'objet sera lié sans informations de débogage
glfw.lib(window.obj) : warning LNK4099: PDB '' n'a pu être trouvé avec 'glfw.lib(window.obj)' ou sur '' ; l'objet sera lié sans informations de débogage
glfw.lib(context.obj) : warning LNK4099: PDB '' n'a pu être trouvé avec 'glfw.lib(context.obj)' ou sur '' ; l'objet sera lié sans informations de débogage
glfw.lib(input.obj) : warning LNK4099: PDB '' n'a pu être trouvé avec 'glfw.lib(input.obj)' ou sur '' ; l'objet sera lié sans informations de débogage
glfw.lib(win32_init.obj) : warning LNK4099: PDB '' n'a pu être trouvé avec 'glfw.lib(win32_init.obj)' ou sur '' ; l'objet sera lié sans informations de débogage
glfw.lib(win32_monitor.obj) : warning LNK4099: PDB '' n'a pu être trouvé avec 'glfw.lib(win32_monitor.obj)' ou sur '' ; l'objet sera lié sans informations de débogage
glfw.lib(win32_time.obj) : warning LNK4099: PDB '' n'a pu être trouvé avec 'glfw.lib(win32_time.obj)' ou sur '' ; l'objet sera lié sans informations de débogage
glfw.lib(monitor.obj) : warning LNK4099: PDB '' n'a pu être trouvé avec 'glfw.lib(monitor.obj)' ou sur '' ; l'objet sera lié sans informations de débogage
glfw.lib(vulkan.obj) : warning LNK4099: PDB '' n'a pu être trouvé avec 'glfw.lib(vulkan.obj)' ou sur '' ; l'objet sera lié sans informations de débogage
glfw.lib(win32_window.obj) : warning LNK4099: PDB '' n'a pu être trouvé avec 'glfw.lib(win32_window.obj)' ou sur '' ; l'objet sera lié sans informations de débogage
glfw.lib(win32_tls.obj) : warning LNK4099: PDB '' n'a pu être trouvé avec 'glfw.lib(win32_tls.obj)' ou sur '' ; l'objet sera lié sans informations de débogage
glfw.lib(win32_joystick.obj) : warning LNK4099: PDB '' n'a pu être trouvé avec 'glfw.lib(win32_joystick.obj)' ou sur '' ; l'objet sera lié sans informations de débogage
glfw.lib(wgl_context.obj) : warning LNK4099: PDB '' n'a pu être trouvé avec 'glfw.lib(wgl_context.obj)' ou sur '' ; l'objet sera lié sans informations de débogage
glfw.lib(egl_context.obj) : warning LNK4099: PDB '' n'a pu être trouvé avec 'glfw.lib(egl_context.obj)' ou sur '' ; l'objet sera lié sans informations de débogage
chai3d.lib(CGlobals.obj) : warning LNK4099: PDB '' n'a pu être trouvé avec 'chai3d.lib(CGlobals.obj)' ou sur '' ; l'objet sera lié sans informations de débogage
chai3d.lib(glew.obj) : warning LNK4099: PDB '' n'a pu être trouvé avec 'chai3d.lib(glew.obj)' ou sur '' ; l'objet sera lié sans informations de débogage
chai3d.lib(CGenericObject.obj) : warning LNK4099: PDB '' n'a pu être trouvé avec 'chai3d.lib(CGenericObject.obj)' ou sur '' ; l'objet sera lié sans informations de débogage
chai3d.lib(CCamera.obj) : warning LNK4099: PDB '' n'a pu être trouvé avec 'chai3d.lib(CCamera.obj)' ou sur '' ; l'objet sera lié sans informations de débogage
chai3d.lib(CWorld.obj) : warning LNK4099: PDB '' n'a pu être trouvé avec 'chai3d.lib(CWorld.obj)' ou sur '' ; l'objet sera lié sans informations de débogage
chai3d.lib(CShapeSphere.obj) : warning LNK4099: PDB '' n'a pu être trouvé avec 'chai3d.lib(CShapeSphere.obj)' ou sur '' ; l'objet sera lié sans informations de débogage
chai3d.lib(CDirectionalLight.obj) : warning LNK4099: PDB '' n'a pu être trouvé avec 'chai3d.lib(CDirectionalLight.obj)' ou sur '' ; l'objet sera lié sans informations de débogage
chai3d.lib(CFrequencyCounter.obj) : warning LNK4099: PDB '' n'a pu être trouvé avec 'chai3d.lib(CFrequencyCounter.obj)' ou sur '' ; l'objet sera lié sans informations de débogage
chai3d.lib(CMaterial.obj) : warning LNK4099: PDB '' n'a pu être trouvé avec 'chai3d.lib(CMaterial.obj)' ou sur '' ; l'objet sera lié sans informations de débogage
chai3d.lib(CDraw3D.obj) : warning LNK4099: PDB '' n'a pu être trouvé avec 'chai3d.lib(CDraw3D.obj)' ou sur '' ; l'objet sera lié sans informations de débogage
chai3d.lib(CDisplayList.obj) : warning LNK4099: PDB '' n'a pu être trouvé avec 'chai3d.lib(CDisplayList.obj)' ou sur '' ; l'objet sera lié sans informations de débogage
chai3d.lib(CTexture1d.obj) : warning LNK4099: PDB '' n'a pu être trouvé avec 'chai3d.lib(CTexture1d.obj)' ou sur '' ; l'objet sera lié sans informations de débogage
chai3d.lib(CEffectMagnet.obj) : warning LNK4099: PDB '' n'a pu être trouvé avec 'chai3d.lib(CEffectMagnet.obj)' ou sur '' ; l'objet sera lié sans informations de débogage
chai3d.lib(CEffectStickSlip.obj) : warning LNK4099: PDB '' n'a pu être trouvé avec 'chai3d.lib(CEffectStickSlip.obj)' ou sur '' ; l'objet sera lié sans informations de débogage
chai3d.lib(CEffectSurface.obj) : warning LNK4099: PDB '' n'a pu être trouvé avec 'chai3d.lib(CEffectSurface.obj)' ou sur '' ; l'objet sera lié sans informations de débogage
chai3d.lib(CEffectVibration.obj) : warning LNK4099: PDB '' n'a pu être trouvé avec 'chai3d.lib(CEffectVibration.obj)' ou sur '' ; l'objet sera lié sans informations de débogage
chai3d.lib(CEffectViscosity.obj) : warning LNK4099: PDB '' n'a pu être trouvé avec 'chai3d.lib(CEffectViscosity.obj)' ou sur '' ; l'objet sera lié sans informations de débogage
chai3d.lib(CAudioDevice.obj) : warning LNK4099: PDB '' n'a pu être trouvé avec 'chai3d.lib(CAudioDevice.obj)' ou sur '' ; l'objet sera lié sans informations de débogage
chai3d.lib(CImage.obj) : warning LNK4099: PDB '' n'a pu être trouvé avec 'chai3d.lib(CImage.obj)' ou sur '' ; l'objet sera lié sans informations de débogage
chai3d.lib(CFog.obj) : warning LNK4099: PDB '' n'a pu être trouvé avec 'chai3d.lib(CFog.obj)' ou sur '' ; l'objet sera lié sans informations de débogage
chai3d.lib(CSpotLight.obj) : warning LNK4099: PDB '' n'a pu être trouvé avec 'chai3d.lib(CSpotLight.obj)' ou sur '' ; l'objet sera lié sans informations de débogage
chai3d.lib(CShaderProgram.obj) : warning LNK4099: PDB '' n'a pu être trouvé avec 'chai3d.lib(CShaderProgram.obj)' ou sur '' ; l'objet sera lié sans informations de débogage
chai3d.lib(CGenericLight.obj) : warning LNK4099: PDB '' n'a pu être trouvé avec 'chai3d.lib(CGenericLight.obj)' ou sur '' ; l'objet sera lié sans informations de débogage
chai3d.lib(CPrecisionClock.obj) : warning LNK4099: PDB '' n'a pu être trouvé avec 'chai3d.lib(CPrecisionClock.obj)' ou sur '' ; l'objet sera lié sans informations de débogage
chai3d.lib(CColor.obj) : warning LNK4099: PDB '' n'a pu être trouvé avec 'chai3d.lib(CColor.obj)' ou sur '' ; l'objet sera lié sans informations de débogage
chai3d.lib(CGenericEffect.obj) : warning LNK4099: PDB '' n'a pu être trouvé avec 'chai3d.lib(CGenericEffect.obj)' ou sur '' ; l'objet sera lié sans informations de débogage
chai3d.lib(alError.obj) : warning LNK4099: PDB '' n'a pu être trouvé avec 'chai3d.lib(alError.obj)' ou sur '' ; l'objet sera lié sans informations de débogage
chai3d.lib(alListener.obj) : warning LNK4099: PDB '' n'a pu être trouvé avec 'chai3d.lib(alListener.obj)' ou sur '' ; l'objet sera lié sans informations de débogage
chai3d.lib(ALc.obj) : warning LNK4099: PDB '' n'a pu être trouvé avec 'chai3d.lib(ALc.obj)' ou sur '' ; l'objet sera lié sans informations de débogage
chai3d.lib(CString.obj) : warning LNK4099: PDB '' n'a pu être trouvé avec 'chai3d.lib(CString.obj)' ou sur '' ; l'objet sera lié sans informations de débogage
chai3d.lib(CFileImageBMP.obj) : warning LNK4099: PDB '' n'a pu être trouvé avec 'chai3d.lib(CFileImageBMP.obj)' ou sur '' ; l'objet sera lié sans informations de débogage
chai3d.lib(CFileImageGIF.obj) : warning LNK4099: PDB '' n'a pu être trouvé avec 'chai3d.lib(CFileImageGIF.obj)' ou sur '' ; l'objet sera lié sans informations de débogage
chai3d.lib(CFileImageJPG.obj) : warning LNK4099: PDB '' n'a pu être trouvé avec 'chai3d.lib(CFileImageJPG.obj)' ou sur '' ; l'objet sera lié sans informations de débogage
chai3d.lib(CFileImagePNG.obj) : warning LNK4099: PDB '' n'a pu être trouvé avec 'chai3d.lib(CFileImagePNG.obj)' ou sur '' ; l'objet sera lié sans informations de débogage
chai3d.lib(CFileImagePPM.obj) : warning LNK4099: PDB '' n'a pu être trouvé avec 'chai3d.lib(CFileImagePPM.obj)' ou sur '' ; l'objet sera lié sans informations de débogage
chai3d.lib(CFileImageRAW.obj) : warning LNK4099: PDB '' n'a pu être trouvé avec 'chai3d.lib(CFileImageRAW.obj)' ou sur '' ; l'objet sera lié sans informations de débogage
chai3d.lib(CShadowMap.obj) : warning LNK4099: PDB '' n'a pu être trouvé avec 'chai3d.lib(CShadowMap.obj)' ou sur '' ; l'objet sera lié sans informations de débogage
chai3d.lib(CPositionalLight.obj) : warning LNK4099: PDB '' n'a pu être trouvé avec 'chai3d.lib(CPositionalLight.obj)' ou sur '' ; l'objet sera lié sans informations de débogage
chai3d.lib(CShader.obj) : warning LNK4099: PDB '' n'a pu être trouvé avec 'chai3d.lib(CShader.obj)' ou sur '' ; l'objet sera lié sans informations de débogage
chai3d.lib(alSource.obj) : warning LNK4099: PDB '' n'a pu être trouvé avec 'chai3d.lib(alSource.obj)' ou sur '' ; l'objet sera lié sans informations de débogage
chai3d.lib(alEffect.obj) : warning LNK4099: PDB '' n'a pu être trouvé avec 'chai3d.lib(alEffect.obj)' ou sur '' ; l'objet sera lié sans informations de débogage
chai3d.lib(alFilter.obj) : warning LNK4099: PDB '' n'a pu être trouvé avec 'chai3d.lib(alFilter.obj)' ou sur '' ; l'objet sera lié sans informations de débogage
chai3d.lib(alAuxEffectSlot.obj) : warning LNK4099: PDB '' n'a pu être trouvé avec 'chai3d.lib(alAuxEffectSlot.obj)' ou sur '' ; l'objet sera lié sans informations de débogage
chai3d.lib(alBuffer.obj) : warning LNK4099: PDB '' n'a pu être trouvé avec 'chai3d.lib(alBuffer.obj)' ou sur '' ; l'objet sera lié sans informations de débogage
chai3d.lib(mmdevapi.obj) : warning LNK4099: PDB '' n'a pu être trouvé avec 'chai3d.lib(mmdevapi.obj)' ou sur '' ; l'objet sera lié sans informations de débogage
chai3d.lib(dsound.obj) : warning LNK4099: PDB '' n'a pu être trouvé avec 'chai3d.lib(dsound.obj)' ou sur '' ; l'objet sera lié sans informations de débogage
chai3d.lib(alState.obj) : warning LNK4099: PDB '' n'a pu être trouvé avec 'chai3d.lib(alState.obj)' ou sur '' ; l'objet sera lié sans informations de débogage
chai3d.lib(winmm.obj) : warning LNK4099: PDB '' n'a pu être trouvé avec 'chai3d.lib(winmm.obj)' ou sur '' ; l'objet sera lié sans informations de débogage
chai3d.lib(wave.obj) : warning LNK4099: PDB '' n'a pu être trouvé avec 'chai3d.lib(wave.obj)' ou sur '' ; l'objet sera lié sans informations de débogage
chai3d.lib(null.obj) : warning LNK4099: PDB '' n'a pu être trouvé avec 'chai3d.lib(null.obj)' ou sur '' ; l'objet sera lié sans informations de débogage
chai3d.lib(loopback.obj) : warning LNK4099: PDB '' n'a pu être trouvé avec 'chai3d.lib(loopback.obj)' ou sur '' ; l'objet sera lié sans informations de débogage
chai3d.lib(alExtension.obj) : warning LNK4099: PDB '' n'a pu être trouvé avec 'chai3d.lib(alExtension.obj)' ou sur '' ; l'objet sera lié sans informations de débogage
chai3d.lib(helpers.obj) : warning LNK4099: PDB '' n'a pu être trouvé avec 'chai3d.lib(helpers.obj)' ou sur '' ; l'objet sera lié sans informations de débogage
chai3d.lib(alcConfig.obj) : warning LNK4099: PDB '' n'a pu être trouvé avec 'chai3d.lib(alcConfig.obj)' ou sur '' ; l'objet sera lié sans informations de débogage
chai3d.lib(hrtf.obj) : warning LNK4099: PDB '' n'a pu être trouvé avec 'chai3d.lib(hrtf.obj)' ou sur '' ; l'objet sera lié sans informations de débogage
chai3d.lib(panning.obj) : warning LNK4099: PDB '' n'a pu être trouvé avec 'chai3d.lib(panning.obj)' ou sur '' ; l'objet sera lié sans informations de débogage
chai3d.lib(ALu.obj) : warning LNK4099: PDB '' n'a pu être trouvé avec 'chai3d.lib(ALu.obj)' ou sur '' ; l'objet sera lié sans informations de débogage
chai3d.lib(alThunk.obj) : warning LNK4099: PDB '' n'a pu être trouvé avec 'chai3d.lib(alThunk.obj)' ou sur '' ; l'objet sera lié sans informations de débogage
chai3d.lib(bs2b.obj) : warning LNK4099: PDB '' n'a pu être trouvé avec 'chai3d.lib(bs2b.obj)' ou sur '' ; l'objet sera lié sans informations de débogage
chai3d.lib(alcReverb.obj) : warning LNK4099: PDB '' n'a pu être trouvé avec 'chai3d.lib(alcReverb.obj)' ou sur '' ; l'objet sera lié sans informations de débogage
chai3d.lib(egif_lib.obj) : warning LNK4099: PDB '' n'a pu être trouvé avec 'chai3d.lib(egif_lib.obj)' ou sur '' ; l'objet sera lié sans informations de débogage
chai3d.lib(dgif_lib.obj) : warning LNK4099: PDB '' n'a pu être trouvé avec 'chai3d.lib(dgif_lib.obj)' ou sur '' ; l'objet sera lié sans informations de débogage
chai3d.lib(gifalloc.obj) : warning LNK4099: PDB '' n'a pu être trouvé avec 'chai3d.lib(gifalloc.obj)' ou sur '' ; l'objet sera lié sans informations de débogage
chai3d.lib(jerror.obj) : warning LNK4099: PDB '' n'a pu être trouvé avec 'chai3d.lib(jerror.obj)' ou sur '' ; l'objet sera lié sans informations de débogage
chai3d.lib(jcapimin.obj) : warning LNK4099: PDB '' n'a pu être trouvé avec 'chai3d.lib(jcapimin.obj)' ou sur '' ; l'objet sera lié sans informations de débogage
chai3d.lib(jdapimin.obj) : warning LNK4099: PDB '' n'a pu être trouvé avec 'chai3d.lib(jdapimin.obj)' ou sur '' ; l'objet sera lié sans informations de débogage
chai3d.lib(jcparam.obj) : warning LNK4099: PDB '' n'a pu être trouvé avec 'chai3d.lib(jcparam.obj)' ou sur '' ; l'objet sera lié sans informations de débogage
chai3d.lib(jcapistd.obj) : warning LNK4099: PDB '' n'a pu être trouvé avec 'chai3d.lib(jcapistd.obj)' ou sur '' ; l'objet sera lié sans informations de débogage
chai3d.lib(jdapistd.obj) : warning LNK4099: PDB '' n'a pu être trouvé avec 'chai3d.lib(jdapistd.obj)' ou sur '' ; l'objet sera lié sans informations de débogage
chai3d.lib(jdmarker.obj) : warning LNK4099: PDB '' n'a pu être trouvé avec 'chai3d.lib(jdmarker.obj)' ou sur '' ; l'objet sera lié sans informations de débogage
chai3d.lib(pngread.obj) : warning LNK4099: PDB '' n'a pu être trouvé avec 'chai3d.lib(pngread.obj)' ou sur '' ; l'objet sera lié sans informations de débogage
chai3d.lib(pngwrite.obj) : warning LNK4099: PDB '' n'a pu être trouvé avec 'chai3d.lib(pngwrite.obj)' ou sur '' ; l'objet sera lié sans informations de débogage
chai3d.lib(pngerror.obj) : warning LNK4099: PDB '' n'a pu être trouvé avec 'chai3d.lib(pngerror.obj)' ou sur '' ; l'objet sera lié sans informations de débogage
chai3d.lib(png.obj) : warning LNK4099: PDB '' n'a pu être trouvé avec 'chai3d.lib(png.obj)' ou sur '' ; l'objet sera lié sans informations de débogage
chai3d.lib(pngrtran.obj) : warning LNK4099: PDB '' n'a pu être trouvé avec 'chai3d.lib(pngrtran.obj)' ou sur '' ; l'objet sera lié sans informations de débogage
chai3d.lib(pngtrans.obj) : warning LNK4099: PDB '' n'a pu être trouvé avec 'chai3d.lib(pngtrans.obj)' ou sur '' ; l'objet sera lié sans informations de débogage
chai3d.lib(pngwio.obj) : warning LNK4099: PDB '' n'a pu être trouvé avec 'chai3d.lib(pngwio.obj)' ou sur '' ; l'objet sera lié sans informations de débogage
chai3d.lib(pngrio.obj) : warning LNK4099: PDB '' n'a pu être trouvé avec 'chai3d.lib(pngrio.obj)' ou sur '' ; l'objet sera lié sans informations de débogage
chai3d.lib(pngmem.obj) : warning LNK4099: PDB '' n'a pu être trouvé avec 'chai3d.lib(pngmem.obj)' ou sur '' ; l'objet sera lié sans informations de débogage
chai3d.lib(pngget.obj) : warning LNK4099: PDB '' n'a pu être trouvé avec 'chai3d.lib(pngget.obj)' ou sur '' ; l'objet sera lié sans informations de débogage
chai3d.lib(pngset.obj) : warning LNK4099: PDB '' n'a pu être trouvé avec 'chai3d.lib(pngset.obj)' ou sur '' ; l'objet sera lié sans informations de débogage
chai3d.lib(CFrameBuffer.obj) : warning LNK4099: PDB '' n'a pu être trouvé avec 'chai3d.lib(CFrameBuffer.obj)' ou sur '' ; l'objet sera lié sans informations de débogage
chai3d.lib(alcEcho.obj) : warning LNK4099: PDB '' n'a pu être trouvé avec 'chai3d.lib(alcEcho.obj)' ou sur '' ; l'objet sera lié sans informations de débogage
chai3d.lib(alcModulator.obj) : warning LNK4099: PDB '' n'a pu être trouvé avec 'chai3d.lib(alcModulator.obj)' ou sur '' ; l'objet sera lié sans informations de débogage
chai3d.lib(alcDedicated.obj) : warning LNK4099: PDB '' n'a pu être trouvé avec 'chai3d.lib(alcDedicated.obj)' ou sur '' ; l'objet sera lié sans informations de débogage
chai3d.lib(alcThread.obj) : warning LNK4099: PDB '' n'a pu être trouvé avec 'chai3d.lib(alcThread.obj)' ou sur '' ; l'objet sera lié sans informations de débogage
chai3d.lib(alcRing.obj) : warning LNK4099: PDB '' n'a pu être trouvé avec 'chai3d.lib(alcRing.obj)' ou sur '' ; l'objet sera lié sans informations de débogage
chai3d.lib(mixer.obj) : warning LNK4099: PDB '' n'a pu être trouvé avec 'chai3d.lib(mixer.obj)' ou sur '' ; l'objet sera lié sans informations de débogage
chai3d.lib(mixer_c.obj) : warning LNK4099: PDB '' n'a pu être trouvé avec 'chai3d.lib(mixer_c.obj)' ou sur '' ; l'objet sera lié sans informations de débogage
chai3d.lib(mixer_sse.obj) : warning LNK4099: PDB '' n'a pu être trouvé avec 'chai3d.lib(mixer_sse.obj)' ou sur '' ; l'objet sera lié sans informations de débogage
chai3d.lib(gif_hash.obj) : warning LNK4099: PDB '' n'a pu être trouvé avec 'chai3d.lib(gif_hash.obj)' ou sur '' ; l'objet sera lié sans informations de débogage
chai3d.lib(gif_err.obj) : warning LNK4099: PDB '' n'a pu être trouvé avec 'chai3d.lib(gif_err.obj)' ou sur '' ; l'objet sera lié sans informations de débogage
chai3d.lib(jcomapi.obj) : warning LNK4099: PDB '' n'a pu être trouvé avec 'chai3d.lib(jcomapi.obj)' ou sur '' ; l'objet sera lié sans informations de débogage
chai3d.lib(jcmarker.obj) : warning LNK4099: PDB '' n'a pu être trouvé avec 'chai3d.lib(jcmarker.obj)' ou sur '' ; l'objet sera lié sans informations de débogage
chai3d.lib(jmemmgr.obj) : warning LNK4099: PDB '' n'a pu être trouvé avec 'chai3d.lib(jmemmgr.obj)' ou sur '' ; l'objet sera lié sans informations de débogage
chai3d.lib(jutils.obj) : warning LNK4099: PDB '' n'a pu être trouvé avec 'chai3d.lib(jutils.obj)' ou sur '' ; l'objet sera lié sans informations de débogage
chai3d.lib(jdinput.obj) : warning LNK4099: PDB '' n'a pu être trouvé avec 'chai3d.lib(jdinput.obj)' ou sur '' ; l'objet sera lié sans informations de débogage
chai3d.lib(jcinit.obj) : warning LNK4099: PDB '' n'a pu être trouvé avec 'chai3d.lib(jcinit.obj)' ou sur '' ; l'objet sera lié sans informations de débogage
chai3d.lib(jdmaster.obj) : warning LNK4099: PDB '' n'a pu être trouvé avec 'chai3d.lib(jdmaster.obj)' ou sur '' ; l'objet sera lié sans informations de débogage
chai3d.lib(inflate.obj) : warning LNK4099: PDB '' n'a pu être trouvé avec 'chai3d.lib(inflate.obj)' ou sur '' ; l'objet sera lié sans informations de débogage
chai3d.lib(pngrutil.obj) : warning LNK4099: PDB '' n'a pu être trouvé avec 'chai3d.lib(pngrutil.obj)' ou sur '' ; l'objet sera lié sans informations de débogage
chai3d.lib(pngwutil.obj) : warning LNK4099: PDB '' n'a pu être trouvé avec 'chai3d.lib(pngwutil.obj)' ou sur '' ; l'objet sera lié sans informations de débogage
chai3d.lib(deflate.obj) : warning LNK4099: PDB '' n'a pu être trouvé avec 'chai3d.lib(deflate.obj)' ou sur '' ; l'objet sera lié sans informations de débogage
chai3d.lib(pngwtran.obj) : warning LNK4099: PDB '' n'a pu être trouvé avec 'chai3d.lib(pngwtran.obj)' ou sur '' ; l'objet sera lié sans informations de débogage
chai3d.lib(crc32.obj) : warning LNK4099: PDB '' n'a pu être trouvé avec 'chai3d.lib(crc32.obj)' ou sur '' ; l'objet sera lié sans informations de débogage
chai3d.lib(CTexture2d.obj) : warning LNK4099: PDB '' n'a pu être trouvé avec 'chai3d.lib(CTexture2d.obj)' ou sur '' ; l'objet sera lié sans informations de débogage
chai3d.lib(jmemnobs.obj) : warning LNK4099: PDB '' n'a pu être trouvé avec 'chai3d.lib(jmemnobs.obj)' ou sur '' ; l'objet sera lié sans informations de débogage
chai3d.lib(jcmaster.obj) : warning LNK4099: PDB '' n'a pu être trouvé avec 'chai3d.lib(jcmaster.obj)' ou sur '' ; l'objet sera lié sans informations de débogage
chai3d.lib(jcmainct.obj) : warning LNK4099: PDB '' n'a pu être trouvé avec 'chai3d.lib(jcmainct.obj)' ou sur '' ; l'objet sera lié sans informations de débogage
chai3d.lib(jcprepct.obj) : warning LNK4099: PDB '' n'a pu être trouvé avec 'chai3d.lib(jcprepct.obj)' ou sur '' ; l'objet sera lié sans informations de débogage
chai3d.lib(jccoefct.obj) : warning LNK4099: PDB '' n'a pu être trouvé avec 'chai3d.lib(jccoefct.obj)' ou sur '' ; l'objet sera lié sans informations de débogage
chai3d.lib(jccolor.obj) : warning LNK4099: PDB '' n'a pu être trouvé avec 'chai3d.lib(jccolor.obj)' ou sur '' ; l'objet sera lié sans informations de débogage
chai3d.lib(jcsample.obj) : warning LNK4099: PDB '' n'a pu être trouvé avec 'chai3d.lib(jcsample.obj)' ou sur '' ; l'objet sera lié sans informations de débogage
chai3d.lib(jcdctmgr.obj) : warning LNK4099: PDB '' n'a pu être trouvé avec 'chai3d.lib(jcdctmgr.obj)' ou sur '' ; l'objet sera lié sans informations de débogage
chai3d.lib(jchuff.obj) : warning LNK4099: PDB '' n'a pu être trouvé avec 'chai3d.lib(jchuff.obj)' ou sur '' ; l'objet sera lié sans informations de débogage
chai3d.lib(jcarith.obj) : warning LNK4099: PDB '' n'a pu être trouvé avec 'chai3d.lib(jcarith.obj)' ou sur '' ; l'objet sera lié sans informations de débogage
chai3d.lib(jdmainct.obj) : warning LNK4099: PDB '' n'a pu être trouvé avec 'chai3d.lib(jdmainct.obj)' ou sur '' ; l'objet sera lié sans informations de débogage
chai3d.lib(jdcoefct.obj) : warning LNK4099: PDB '' n'a pu être trouvé avec 'chai3d.lib(jdcoefct.obj)' ou sur '' ; l'objet sera lié sans informations de débogage
chai3d.lib(jdpostct.obj) : warning LNK4099: PDB '' n'a pu être trouvé avec 'chai3d.lib(jdpostct.obj)' ou sur '' ; l'objet sera lié sans informations de débogage
chai3d.lib(jdhuff.obj) : warning LNK4099: PDB '' n'a pu être trouvé avec 'chai3d.lib(jdhuff.obj)' ou sur '' ; l'objet sera lié sans informations de débogage
chai3d.lib(jdarith.obj) : warning LNK4099: PDB '' n'a pu être trouvé avec 'chai3d.lib(jdarith.obj)' ou sur '' ; l'objet sera lié sans informations de débogage
chai3d.lib(jddctmgr.obj) : warning LNK4099: PDB '' n'a pu être trouvé avec 'chai3d.lib(jddctmgr.obj)' ou sur '' ; l'objet sera lié sans informations de débogage
chai3d.lib(jdsample.obj) : warning LNK4099: PDB '' n'a pu être trouvé avec 'chai3d.lib(jdsample.obj)' ou sur '' ; l'objet sera lié sans informations de débogage
chai3d.lib(jdcolor.obj) : warning LNK4099: PDB '' n'a pu être trouvé avec 'chai3d.lib(jdcolor.obj)' ou sur '' ; l'objet sera lié sans informations de débogage
chai3d.lib(jquant1.obj) : warning LNK4099: PDB '' n'a pu être trouvé avec 'chai3d.lib(jquant1.obj)' ou sur '' ; l'objet sera lié sans informations de débogage
chai3d.lib(jquant2.obj) : warning LNK4099: PDB '' n'a pu être trouvé avec 'chai3d.lib(jquant2.obj)' ou sur '' ; l'objet sera lié sans informations de débogage
chai3d.lib(jdmerge.obj) : warning LNK4099: PDB '' n'a pu être trouvé avec 'chai3d.lib(jdmerge.obj)' ou sur '' ; l'objet sera lié sans informations de débogage
chai3d.lib(adler32.obj) : warning LNK4099: PDB '' n'a pu être trouvé avec 'chai3d.lib(adler32.obj)' ou sur '' ; l'objet sera lié sans informations de débogage
chai3d.lib(zutil.obj) : warning LNK4099: PDB '' n'a pu être trouvé avec 'chai3d.lib(zutil.obj)' ou sur '' ; l'objet sera lié sans informations de débogage
chai3d.lib(inftrees.obj) : warning LNK4099: PDB '' n'a pu être trouvé avec 'chai3d.lib(inftrees.obj)' ou sur '' ; l'objet sera lié sans informations de débogage
chai3d.lib(inffast.obj) : warning LNK4099: PDB '' n'a pu être trouvé avec 'chai3d.lib(inffast.obj)' ou sur '' ; l'objet sera lié sans informations de débogage
chai3d.lib(trees.obj) : warning LNK4099: PDB '' n'a pu être trouvé avec 'chai3d.lib(trees.obj)' ou sur '' ; l'objet sera lié sans informations de débogage
chai3d.lib(jfdctint.obj) : warning LNK4099: PDB '' n'a pu être trouvé avec 'chai3d.lib(jfdctint.obj)' ou sur '' ; l'objet sera lié sans informations de débogage
chai3d.lib(jfdctfst.obj) : warning LNK4099: PDB '' n'a pu être trouvé avec 'chai3d.lib(jfdctfst.obj)' ou sur '' ; l'objet sera lié sans informations de débogage
chai3d.lib(jfdctflt.obj) : warning LNK4099: PDB '' n'a pu être trouvé avec 'chai3d.lib(jfdctflt.obj)' ou sur '' ; l'objet sera lié sans informations de débogage
chai3d.lib(jaricom.obj) : warning LNK4099: PDB '' n'a pu être trouvé avec 'chai3d.lib(jaricom.obj)' ou sur '' ; l'objet sera lié sans informations de débogage
chai3d.lib(jidctint.obj) : warning LNK4099: PDB '' n'a pu être trouvé avec 'chai3d.lib(jidctint.obj)' ou sur '' ; l'objet sera lié sans informations de débogage
chai3d.lib(jidctfst.obj) : warning LNK4099: PDB '' n'a pu être trouvé avec 'chai3d.lib(jidctfst.obj)' ou sur '' ; l'objet sera lié sans informations de débogage
chai3d.lib(jidctflt.obj) : warning LNK4099: PDB '' n'a pu être trouvé avec 'chai3d.lib(jidctflt.obj)' ou sur '' ; l'objet sera lié sans informations de débogage
  00-drone-ju-VS2015.vcxproj -> F:\BEAL_JULIEN_SN2\_projet_2025\git\Chai3d-3.2.0\bin\win-x64\00-drone-ju.exe
